Running on cpu.
Running on cpu.
Running on cpu.
Running on cpu.
Running on cpu.
Running on cpu.
Running on cpu.
Running on cpu.
Running on cpu.
Running on cpu.
['T00000_B2705_GRLKALCQR_0_2', 'TCR5_T00000_A0201_IMDQVPFSV_0_model_1_model_2_ptm_ft4', 'T00000_A0201_NLVPMVATV_0_1', 'T00000_A0201_IMDQVPFSV_0_2', 'T00000_B2705_GRLKALCQR_0_0', 'TCR3_T00000_A0201_NLVPMVATV_0_model_1_model_2_ptm_ft4', 'T00000_A0201_NLVPMVATV_0_3', 'TCR2_T00000_A0201_NLVPMVATV_0_model_1_model_2_ptm_ft4', 'TCR6_T00000_A0201_IMDQVPFSV_0_model_1_model_2_ptm_ft4', 'T00000_A0201_IMDQVPFSV_0_0', '5d2n', 'TCR4_T00000_A0201_IMDQVPFSV_0_model_1_model_2_ptm_ft4', 'T00000_B2705_GRLKALCQR_0_1', 'T00000_A0201_NLVPMVATV_0_0', 'T00000_A0201_NLVPMVATV_0_2', 'T00000_B2705_GRLKALCQR_0_3', '5d2n-filtered', 'TCR7_T00000_B2705_GRLKALCQR_0_model_1_model_2_ptm_ft4', 'T00000_A0201_IMDQVPFSV_0_3', 'T00000_A0201_IMDQVPFSV_0_1']
{'5d2n': {'I': [1, 1, 1, 1, 1, 1, 1, 1, 1, 1, 1, 1, 1, 1, 1, 1, 1, 1, 1, 1, 2, 2, 2, 2, 2, 2, 2, 2, 2, 2, 2, 2, 2, 2, 2, 2, 2, 2, 2, 2, 3, 3, 3, 3, 3, 3, 3, 3, 3, 3, 3, 3, 3, 3, 3, 3, 3, 3, 3, 3, 4, 4, 4, 4, 4, 4, 4, 4, 4, 4, 4, 4, 4, 4, 4, 4, 4, 4, 4, 4, 5, 5, 5, 5, 5, 5, 5, 5, 5, 5, 5, 5, 5, 5, 5, 5, 5, 5, 5, 5, 6, 6, 6, 6, 6, 6, 6, 6, 6, 6, 6, 6, 6, 6, 6, 6, 6, 6, 6, 6, 7, 7, 7, 7, 7, 7, 7, 7, 7, 7, 7, 7, 7, 7, 7, 7, 7, 7, 7, 7, 8, 8, 8, 8, 8, 8, 8, 8, 8, 8, 8, 8, 8, 8, 8, 8, 8, 8, 8, 8, 9, 9, 9, 9, 9, 9, 9, 9, 9, 9, 9, 9, 9, 9, 9, 9, 9, 9, 9, 9]}}
Running inference for 5d2n I [1, 1, 1, 1, 1, 1, 1, 1, 1, 1, 1, 1, 1, 1, 1, 1, 1, 1, 1, 1]
Region IDs: [('I', 1, ' ')]
Running inference for 5d2n I [2, 2, 2, 2, 2, 2, 2, 2, 2, 2, 2, 2, 2, 2, 2, 2, 2, 2, 2, 2]
Region IDs: [('I', 2, ' ')]
Running inference for 5d2n I [3, 3, 3, 3, 3, 3, 3, 3, 3, 3, 3, 3, 3, 3, 3, 3, 3, 3, 3, 3]
Region IDs: [('I', 3, ' ')]
Running inference for 5d2n I [4, 4, 4, 4, 4, 4, 4, 4, 4, 4, 4, 4, 4, 4, 4, 4, 4, 4, 4, 4]
Region IDs: [('I', 4, ' ')]
Running inference for 5d2n I [5, 5, 5, 5, 5, 5, 5, 5, 5, 5, 5, 5, 5, 5, 5, 5, 5, 5, 5, 5]
Region IDs: [('I', 5, ' ')]
Running inference for 5d2n I [6, 6, 6, 6, 6, 6, 6, 6, 6, 6, 6, 6, 6, 6, 6, 6, 6, 6, 6, 6]
Region IDs: [('I', 6, ' ')]
Running inference for 5d2n I [7, 7, 7, 7, 7, 7, 7, 7, 7, 7, 7, 7, 7, 7, 7, 7, 7, 7, 7, 7]
Region IDs: [('I', 7, ' ')]
Running inference for 5d2n I [8, 8, 8, 8, 8, 8, 8, 8, 8, 8, 8, 8, 8, 8, 8, 8, 8, 8, 8, 8]
Region IDs: [('I', 8, ' ')]
Running inference for 5d2n I [9, 9, 9, 9, 9, 9, 9, 9, 9, 9, 9, 9, 9, 9, 9, 9, 9, 9, 9, 9]
Region IDs: [('I', 9, ' ')]
Inference took 1777.0005314350128 seconds
Parsing .npz files...
Running on cpu.
Running on cpu.
Running on cpu.
Running on cpu.
Running on cpu.
Running on cpu.
Running on cpu.
Running on cpu.
Running on cpu.
Running on cpu.
['T00000_B2705_GRLKALCQR_0_2', 'TCR5_T00000_A0201_IMDQVPFSV_0_model_1_model_2_ptm_ft4', 'T00000_A0201_NLVPMVATV_0_1', 'T00000_A0201_IMDQVPFSV_0_2', 'T00000_B2705_GRLKALCQR_0_0', 'TCR3_T00000_A0201_NLVPMVATV_0_model_1_model_2_ptm_ft4', 'T00000_A0201_NLVPMVATV_0_3', 'TCR2_T00000_A0201_NLVPMVATV_0_model_1_model_2_ptm_ft4', 'TCR6_T00000_A0201_IMDQVPFSV_0_model_1_model_2_ptm_ft4', 'T00000_A0201_IMDQVPFSV_0_0', '5d2n', 'TCR4_T00000_A0201_IMDQVPFSV_0_model_1_model_2_ptm_ft4', 'T00000_B2705_GRLKALCQR_0_1', 'T00000_A0201_NLVPMVATV_0_0', 'T00000_A0201_NLVPMVATV_0_2', 'T00000_B2705_GRLKALCQR_0_3', '5d2n-filtered', 'TCR7_T00000_B2705_GRLKALCQR_0_model_1_model_2_ptm_ft4', 'T00000_A0201_IMDQVPFSV_0_3', 'T00000_A0201_IMDQVPFSV_0_1']
{'TCR2_T00000_A0201_NLVPMVATV_0_model_1_model_2_ptm_ft4': {'A': [376, 376, 376, 376, 376, 376, 376, 376, 376, 376, 376, 376, 376, 376, 376, 376, 376, 376, 376, 376, 377, 377, 377, 377, 377, 377, 377, 377, 377, 377, 377, 377, 377, 377, 377, 377, 377, 377, 377, 377, 378, 378, 378, 378, 378, 378, 378, 378, 378, 378, 378, 378, 378, 378, 378, 378, 378, 378, 378, 378, 379, 379, 379, 379, 379, 379, 379, 379, 379, 379, 379, 379, 379, 379, 379, 379, 379, 379, 379, 379, 380, 380, 380, 380, 380, 380, 380, 380, 380, 380, 380, 380, 380, 380, 380, 380, 380, 380, 380, 380, 381, 381, 381, 381, 381, 381, 381, 381, 381, 381, 381, 381, 381, 381, 381, 381, 381, 381, 381, 381, 382, 382, 382, 382, 382, 382, 382, 382, 382, 382, 382, 382, 382, 382, 382, 382, 382, 382, 382, 382, 383, 383, 383, 383, 383, 383, 383, 383, 383, 383, 383, 383, 383, 383, 383, 383, 383, 383, 383, 383, 384, 384, 384, 384, 384, 384, 384, 384, 384, 384, 384, 384, 384, 384, 384, 384, 384, 384, 384, 384]}}
Running inference for TCR2_T00000_A0201_NLVPMVATV_0_model_1_model_2_ptm_ft4 A [376, 376, 376, 376, 376, 376, 376, 376, 376, 376, 376, 376, 376, 376, 376, 376, 376, 376, 376, 376]
Region IDs: [('A', 376, ' ')]
Running inference for TCR2_T00000_A0201_NLVPMVATV_0_model_1_model_2_ptm_ft4 A [377, 377, 377, 377, 377, 377, 377, 377, 377, 377, 377, 377, 377, 377, 377, 377, 377, 377, 377, 377]
Region IDs: [('A', 377, ' ')]
Running inference for TCR2_T00000_A0201_NLVPMVATV_0_model_1_model_2_ptm_ft4 A [378, 378, 378, 378, 378, 378, 378, 378, 378, 378, 378, 378, 378, 378, 378, 378, 378, 378, 378, 378]
Region IDs: [('A', 378, ' ')]
Running inference for TCR2_T00000_A0201_NLVPMVATV_0_model_1_model_2_ptm_ft4 A [379, 379, 379, 379, 379, 379, 379, 379, 379, 379, 379, 379, 379, 379, 379, 379, 379, 379, 379, 379]
Region IDs: [('A', 379, ' ')]
Running inference for TCR2_T00000_A0201_NLVPMVATV_0_model_1_model_2_ptm_ft4 A [380, 380, 380, 380, 380, 380, 380, 380, 380, 380, 380, 380, 380, 380, 380, 380, 380, 380, 380, 380]
Region IDs: [('A', 380, ' ')]
Running inference for TCR2_T00000_A0201_NLVPMVATV_0_model_1_model_2_ptm_ft4 A [381, 381, 381, 381, 381, 381, 381, 381, 381, 381, 381, 381, 381, 381, 381, 381, 381, 381, 381, 381]
Region IDs: [('A', 381, ' ')]
Running inference for TCR2_T00000_A0201_NLVPMVATV_0_model_1_model_2_ptm_ft4 A [382, 382, 382, 382, 382, 382, 382, 382, 382, 382, 382, 382, 382, 382, 382, 382, 382, 382, 382, 382]
Region IDs: [('A', 382, ' ')]
Running inference for TCR2_T00000_A0201_NLVPMVATV_0_model_1_model_2_ptm_ft4 A [383, 383, 383, 383, 383, 383, 383, 383, 383, 383, 383, 383, 383, 383, 383, 383, 383, 383, 383, 383]
Region IDs: [('A', 383, ' ')]
Running inference for TCR2_T00000_A0201_NLVPMVATV_0_model_1_model_2_ptm_ft4 A [384, 384, 384, 384, 384, 384, 384, 384, 384, 384, 384, 384, 384, 384, 384, 384, 384, 384, 384, 384]
Region IDs: [('A', 384, ' ')]
Inference took 72.06923484802246 seconds
Parsing .npz files...
Running on cpu.
Running on cpu.
Running on cpu.
Running on cpu.
Running on cpu.
Running on cpu.
Running on cpu.
Running on cpu.
Running on cpu.
Running on cpu.
['T00000_B2705_GRLKALCQR_0_2', 'TCR5_T00000_A0201_IMDQVPFSV_0_model_1_model_2_ptm_ft4', 'T00000_A0201_NLVPMVATV_0_1', 'T00000_A0201_IMDQVPFSV_0_2', 'T00000_B2705_GRLKALCQR_0_0', 'TCR3_T00000_A0201_NLVPMVATV_0_model_1_model_2_ptm_ft4', 'T00000_A0201_NLVPMVATV_0_3', 'TCR2_T00000_A0201_NLVPMVATV_0_model_1_model_2_ptm_ft4', 'TCR6_T00000_A0201_IMDQVPFSV_0_model_1_model_2_ptm_ft4', 'T00000_A0201_IMDQVPFSV_0_0', '5d2n', 'TCR4_T00000_A0201_IMDQVPFSV_0_model_1_model_2_ptm_ft4', 'T00000_B2705_GRLKALCQR_0_1', 'T00000_A0201_NLVPMVATV_0_0', 'T00000_A0201_NLVPMVATV_0_2', 'T00000_B2705_GRLKALCQR_0_3', '5d2n-filtered', 'TCR7_T00000_B2705_GRLKALCQR_0_model_1_model_2_ptm_ft4', 'T00000_A0201_IMDQVPFSV_0_3', 'T00000_A0201_IMDQVPFSV_0_1']
{'TCR3_T00000_A0201_NLVPMVATV_0_model_1_model_2_ptm_ft4': {'A': [376, 376, 376, 376, 376, 376, 376, 376, 376, 376, 376, 376, 376, 376, 376, 376, 376, 376, 376, 376, 377, 377, 377, 377, 377, 377, 377, 377, 377, 377, 377, 377, 377, 377, 377, 377, 377, 377, 377, 377, 378, 378, 378, 378, 378, 378, 378, 378, 378, 378, 378, 378, 378, 378, 378, 378, 378, 378, 378, 378, 379, 379, 379, 379, 379, 379, 379, 379, 379, 379, 379, 379, 379, 379, 379, 379, 379, 379, 379, 379, 380, 380, 380, 380, 380, 380, 380, 380, 380, 380, 380, 380, 380, 380, 380, 380, 380, 380, 380, 380, 381, 381, 381, 381, 381, 381, 381, 381, 381, 381, 381, 381, 381, 381, 381, 381, 381, 381, 381, 381, 382, 382, 382, 382, 382, 382, 382, 382, 382, 382, 382, 382, 382, 382, 382, 382, 382, 382, 382, 382, 383, 383, 383, 383, 383, 383, 383, 383, 383, 383, 383, 383, 383, 383, 383, 383, 383, 383, 383, 383, 384, 384, 384, 384, 384, 384, 384, 384, 384, 384, 384, 384, 384, 384, 384, 384, 384, 384, 384, 384]}}
Running inference for TCR3_T00000_A0201_NLVPMVATV_0_model_1_model_2_ptm_ft4 A [376, 376, 376, 376, 376, 376, 376, 376, 376, 376, 376, 376, 376, 376, 376, 376, 376, 376, 376, 376]
Region IDs: [('A', 376, ' ')]
Running inference for TCR3_T00000_A0201_NLVPMVATV_0_model_1_model_2_ptm_ft4 A [377, 377, 377, 377, 377, 377, 377, 377, 377, 377, 377, 377, 377, 377, 377, 377, 377, 377, 377, 377]
Region IDs: [('A', 377, ' ')]
Running inference for TCR3_T00000_A0201_NLVPMVATV_0_model_1_model_2_ptm_ft4 A [378, 378, 378, 378, 378, 378, 378, 378, 378, 378, 378, 378, 378, 378, 378, 378, 378, 378, 378, 378]
Region IDs: [('A', 378, ' ')]
Running inference for TCR3_T00000_A0201_NLVPMVATV_0_model_1_model_2_ptm_ft4 A [379, 379, 379, 379, 379, 379, 379, 379, 379, 379, 379, 379, 379, 379, 379, 379, 379, 379, 379, 379]
Region IDs: [('A', 379, ' ')]
Running inference for TCR3_T00000_A0201_NLVPMVATV_0_model_1_model_2_ptm_ft4 A [380, 380, 380, 380, 380, 380, 380, 380, 380, 380, 380, 380, 380, 380, 380, 380, 380, 380, 380, 380]
Region IDs: [('A', 380, ' ')]
Running inference for TCR3_T00000_A0201_NLVPMVATV_0_model_1_model_2_ptm_ft4 A [381, 381, 381, 381, 381, 381, 381, 381, 381, 381, 381, 381, 381, 381, 381, 381, 381, 381, 381, 381]
Region IDs: [('A', 381, ' ')]
Running inference for TCR3_T00000_A0201_NLVPMVATV_0_model_1_model_2_ptm_ft4 A [382, 382, 382, 382, 382, 382, 382, 382, 382, 382, 382, 382, 382, 382, 382, 382, 382, 382, 382, 382]
Region IDs: [('A', 382, ' ')]
Running inference for TCR3_T00000_A0201_NLVPMVATV_0_model_1_model_2_ptm_ft4 A [383, 383, 383, 383, 383, 383, 383, 383, 383, 383, 383, 383, 383, 383, 383, 383, 383, 383, 383, 383]
Region IDs: [('A', 383, ' ')]
Running inference for TCR3_T00000_A0201_NLVPMVATV_0_model_1_model_2_ptm_ft4 A [384, 384, 384, 384, 384, 384, 384, 384, 384, 384, 384, 384, 384, 384, 384, 384, 384, 384, 384, 384]
Region IDs: [('A', 384, ' ')]
Inference took 72.45930433273315 seconds
Parsing .npz files...
Running on cpu.
Running on cpu.
Running on cpu.
Running on cpu.
Running on cpu.
Running on cpu.
Running on cpu.
Running on cpu.
Running on cpu.
Running on cpu.
['T00000_B2705_GRLKALCQR_0_2', 'TCR5_T00000_A0201_IMDQVPFSV_0_model_1_model_2_ptm_ft4', 'T00000_A0201_NLVPMVATV_0_1', 'T00000_A0201_IMDQVPFSV_0_2', 'T00000_B2705_GRLKALCQR_0_0', 'TCR3_T00000_A0201_NLVPMVATV_0_model_1_model_2_ptm_ft4', 'T00000_A0201_NLVPMVATV_0_3', 'TCR2_T00000_A0201_NLVPMVATV_0_model_1_model_2_ptm_ft4', 'TCR6_T00000_A0201_IMDQVPFSV_0_model_1_model_2_ptm_ft4', 'T00000_A0201_IMDQVPFSV_0_0', '5d2n', 'TCR4_T00000_A0201_IMDQVPFSV_0_model_1_model_2_ptm_ft4', 'T00000_B2705_GRLKALCQR_0_1', 'T00000_A0201_NLVPMVATV_0_0', 'T00000_A0201_NLVPMVATV_0_2', 'T00000_B2705_GRLKALCQR_0_3', '5d2n-filtered', 'TCR7_T00000_B2705_GRLKALCQR_0_model_1_model_2_ptm_ft4', 'T00000_A0201_IMDQVPFSV_0_3', 'T00000_A0201_IMDQVPFSV_0_1']
{'TCR4_T00000_A0201_IMDQVPFSV_0_model_1_model_2_ptm_ft4': {'A': [376, 376, 376, 376, 376, 376, 376, 376, 376, 376, 376, 376, 376, 376, 376, 376, 376, 376, 376, 376, 377, 377, 377, 377, 377, 377, 377, 377, 377, 377, 377, 377, 377, 377, 377, 377, 377, 377, 377, 377, 378, 378, 378, 378, 378, 378, 378, 378, 378, 378, 378, 378, 378, 378, 378, 378, 378, 378, 378, 378, 379, 379, 379, 379, 379, 379, 379, 379, 379, 379, 379, 379, 379, 379, 379, 379, 379, 379, 379, 379, 380, 380, 380, 380, 380, 380, 380, 380, 380, 380, 380, 380, 380, 380, 380, 380, 380, 380, 380, 380, 381, 381, 381, 381, 381, 381, 381, 381, 381, 381, 381, 381, 381, 381, 381, 381, 381, 381, 381, 381, 382, 382, 382, 382, 382, 382, 382, 382, 382, 382, 382, 382, 382, 382, 382, 382, 382, 382, 382, 382, 383, 383, 383, 383, 383, 383, 383, 383, 383, 383, 383, 383, 383, 383, 383, 383, 383, 383, 383, 383, 384, 384, 384, 384, 384, 384, 384, 384, 384, 384, 384, 384, 384, 384, 384, 384, 384, 384, 384, 384]}}
Running inference for TCR4_T00000_A0201_IMDQVPFSV_0_model_1_model_2_ptm_ft4 A [376, 376, 376, 376, 376, 376, 376, 376, 376, 376, 376, 376, 376, 376, 376, 376, 376, 376, 376, 376]
Region IDs: [('A', 376, ' ')]
Running inference for TCR4_T00000_A0201_IMDQVPFSV_0_model_1_model_2_ptm_ft4 A [377, 377, 377, 377, 377, 377, 377, 377, 377, 377, 377, 377, 377, 377, 377, 377, 377, 377, 377, 377]
Region IDs: [('A', 377, ' ')]
Running inference for TCR4_T00000_A0201_IMDQVPFSV_0_model_1_model_2_ptm_ft4 A [378, 378, 378, 378, 378, 378, 378, 378, 378, 378, 378, 378, 378, 378, 378, 378, 378, 378, 378, 378]
Region IDs: [('A', 378, ' ')]
Running inference for TCR4_T00000_A0201_IMDQVPFSV_0_model_1_model_2_ptm_ft4 A [379, 379, 379, 379, 379, 379, 379, 379, 379, 379, 379, 379, 379, 379, 379, 379, 379, 379, 379, 379]
Region IDs: [('A', 379, ' ')]
Running inference for TCR4_T00000_A0201_IMDQVPFSV_0_model_1_model_2_ptm_ft4 A [380, 380, 380, 380, 380, 380, 380, 380, 380, 380, 380, 380, 380, 380, 380, 380, 380, 380, 380, 380]
Region IDs: [('A', 380, ' ')]
Running inference for TCR4_T00000_A0201_IMDQVPFSV_0_model_1_model_2_ptm_ft4 A [381, 381, 381, 381, 381, 381, 381, 381, 381, 381, 381, 381, 381, 381, 381, 381, 381, 381, 381, 381]
Region IDs: [('A', 381, ' ')]
Running inference for TCR4_T00000_A0201_IMDQVPFSV_0_model_1_model_2_ptm_ft4 A [382, 382, 382, 382, 382, 382, 382, 382, 382, 382, 382, 382, 382, 382, 382, 382, 382, 382, 382, 382]
Region IDs: [('A', 382, ' ')]
Running inference for TCR4_T00000_A0201_IMDQVPFSV_0_model_1_model_2_ptm_ft4 A [383, 383, 383, 383, 383, 383, 383, 383, 383, 383, 383, 383, 383, 383, 383, 383, 383, 383, 383, 383]
Region IDs: [('A', 383, ' ')]
Running inference for TCR4_T00000_A0201_IMDQVPFSV_0_model_1_model_2_ptm_ft4 A [384, 384, 384, 384, 384, 384, 384, 384, 384, 384, 384, 384, 384, 384, 384, 384, 384, 384, 384, 384]
Region IDs: [('A', 384, ' ')]
Inference took 81.16982841491699 seconds
Parsing .npz files...
Running on cpu.
Running on cpu.
Running on cpu.
Running on cpu.
Running on cpu.
Running on cpu.
Running on cpu.
Running on cpu.
Running on cpu.
Running on cpu.
['T00000_B2705_GRLKALCQR_0_2', 'TCR5_T00000_A0201_IMDQVPFSV_0_model_1_model_2_ptm_ft4', 'T00000_A0201_NLVPMVATV_0_1', 'T00000_A0201_IMDQVPFSV_0_2', 'T00000_B2705_GRLKALCQR_0_0', 'TCR3_T00000_A0201_NLVPMVATV_0_model_1_model_2_ptm_ft4', 'T00000_A0201_NLVPMVATV_0_3', 'TCR2_T00000_A0201_NLVPMVATV_0_model_1_model_2_ptm_ft4', 'TCR6_T00000_A0201_IMDQVPFSV_0_model_1_model_2_ptm_ft4', 'T00000_A0201_IMDQVPFSV_0_0', '5d2n', 'TCR4_T00000_A0201_IMDQVPFSV_0_model_1_model_2_ptm_ft4', 'T00000_B2705_GRLKALCQR_0_1', 'T00000_A0201_NLVPMVATV_0_0', 'T00000_A0201_NLVPMVATV_0_2', 'T00000_B2705_GRLKALCQR_0_3', '5d2n-filtered', 'TCR7_T00000_B2705_GRLKALCQR_0_model_1_model_2_ptm_ft4', 'T00000_A0201_IMDQVPFSV_0_3', 'T00000_A0201_IMDQVPFSV_0_1']
{'TCR5_T00000_A0201_IMDQVPFSV_0_model_1_model_2_ptm_ft4': {'A': [376, 376, 376, 376, 376, 376, 376, 376, 376, 376, 376, 376, 376, 376, 376, 376, 376, 376, 376, 376, 377, 377, 377, 377, 377, 377, 377, 377, 377, 377, 377, 377, 377, 377, 377, 377, 377, 377, 377, 377, 378, 378, 378, 378, 378, 378, 378, 378, 378, 378, 378, 378, 378, 378, 378, 378, 378, 378, 378, 378, 379, 379, 379, 379, 379, 379, 379, 379, 379, 379, 379, 379, 379, 379, 379, 379, 379, 379, 379, 379, 380, 380, 380, 380, 380, 380, 380, 380, 380, 380, 380, 380, 380, 380, 380, 380, 380, 380, 380, 380, 381, 381, 381, 381, 381, 381, 381, 381, 381, 381, 381, 381, 381, 381, 381, 381, 381, 381, 381, 381, 382, 382, 382, 382, 382, 382, 382, 382, 382, 382, 382, 382, 382, 382, 382, 382, 382, 382, 382, 382, 383, 383, 383, 383, 383, 383, 383, 383, 383, 383, 383, 383, 383, 383, 383, 383, 383, 383, 383, 383, 384, 384, 384, 384, 384, 384, 384, 384, 384, 384, 384, 384, 384, 384, 384, 384, 384, 384, 384, 384]}}
Running inference for TCR5_T00000_A0201_IMDQVPFSV_0_model_1_model_2_ptm_ft4 A [376, 376, 376, 376, 376, 376, 376, 376, 376, 376, 376, 376, 376, 376, 376, 376, 376, 376, 376, 376]
Region IDs: [('A', 376, ' ')]
Running inference for TCR5_T00000_A0201_IMDQVPFSV_0_model_1_model_2_ptm_ft4 A [377, 377, 377, 377, 377, 377, 377, 377, 377, 377, 377, 377, 377, 377, 377, 377, 377, 377, 377, 377]
Region IDs: [('A', 377, ' ')]
Running inference for TCR5_T00000_A0201_IMDQVPFSV_0_model_1_model_2_ptm_ft4 A [378, 378, 378, 378, 378, 378, 378, 378, 378, 378, 378, 378, 378, 378, 378, 378, 378, 378, 378, 378]
Region IDs: [('A', 378, ' ')]
Running inference for TCR5_T00000_A0201_IMDQVPFSV_0_model_1_model_2_ptm_ft4 A [379, 379, 379, 379, 379, 379, 379, 379, 379, 379, 379, 379, 379, 379, 379, 379, 379, 379, 379, 379]
Region IDs: [('A', 379, ' ')]
Running inference for TCR5_T00000_A0201_IMDQVPFSV_0_model_1_model_2_ptm_ft4 A [380, 380, 380, 380, 380, 380, 380, 380, 380, 380, 380, 380, 380, 380, 380, 380, 380, 380, 380, 380]
Region IDs: [('A', 380, ' ')]
Running inference for TCR5_T00000_A0201_IMDQVPFSV_0_model_1_model_2_ptm_ft4 A [381, 381, 381, 381, 381, 381, 381, 381, 381, 381, 381, 381, 381, 381, 381, 381, 381, 381, 381, 381]
Region IDs: [('A', 381, ' ')]
Running inference for TCR5_T00000_A0201_IMDQVPFSV_0_model_1_model_2_ptm_ft4 A [382, 382, 382, 382, 382, 382, 382, 382, 382, 382, 382, 382, 382, 382, 382, 382, 382, 382, 382, 382]
Region IDs: [('A', 382, ' ')]
Running inference for TCR5_T00000_A0201_IMDQVPFSV_0_model_1_model_2_ptm_ft4 A [383, 383, 383, 383, 383, 383, 383, 383, 383, 383, 383, 383, 383, 383, 383, 383, 383, 383, 383, 383]
Region IDs: [('A', 383, ' ')]
Running inference for TCR5_T00000_A0201_IMDQVPFSV_0_model_1_model_2_ptm_ft4 A [384, 384, 384, 384, 384, 384, 384, 384, 384, 384, 384, 384, 384, 384, 384, 384, 384, 384, 384, 384]
Region IDs: [('A', 384, ' ')]
Inference took 68.59312748908997 seconds
Parsing .npz files...
Running on cpu.
Running on cpu.
Running on cpu.
Running on cpu.
Running on cpu.
Running on cpu.
Running on cpu.
Running on cpu.
Running on cpu.
Running on cpu.
['T00000_B2705_GRLKALCQR_0_2', 'TCR5_T00000_A0201_IMDQVPFSV_0_model_1_model_2_ptm_ft4', 'T00000_A0201_NLVPMVATV_0_1', 'T00000_A0201_IMDQVPFSV_0_2', 'T00000_B2705_GRLKALCQR_0_0', 'TCR3_T00000_A0201_NLVPMVATV_0_model_1_model_2_ptm_ft4', 'T00000_A0201_NLVPMVATV_0_3', 'TCR2_T00000_A0201_NLVPMVATV_0_model_1_model_2_ptm_ft4', 'TCR6_T00000_A0201_IMDQVPFSV_0_model_1_model_2_ptm_ft4', 'T00000_A0201_IMDQVPFSV_0_0', '5d2n', 'TCR4_T00000_A0201_IMDQVPFSV_0_model_1_model_2_ptm_ft4', 'T00000_B2705_GRLKALCQR_0_1', 'T00000_A0201_NLVPMVATV_0_0', 'T00000_A0201_NLVPMVATV_0_2', 'T00000_B2705_GRLKALCQR_0_3', '5d2n-filtered', 'TCR7_T00000_B2705_GRLKALCQR_0_model_1_model_2_ptm_ft4', 'T00000_A0201_IMDQVPFSV_0_3', 'T00000_A0201_IMDQVPFSV_0_1']
{'TCR6_T00000_A0201_IMDQVPFSV_0_model_1_model_2_ptm_ft4': {'A': [376, 376, 376, 376, 376, 376, 376, 376, 376, 376, 376, 376, 376, 376, 376, 376, 376, 376, 376, 376, 377, 377, 377, 377, 377, 377, 377, 377, 377, 377, 377, 377, 377, 377, 377, 377, 377, 377, 377, 377, 378, 378, 378, 378, 378, 378, 378, 378, 378, 378, 378, 378, 378, 378, 378, 378, 378, 378, 378, 378, 379, 379, 379, 379, 379, 379, 379, 379, 379, 379, 379, 379, 379, 379, 379, 379, 379, 379, 379, 379, 380, 380, 380, 380, 380, 380, 380, 380, 380, 380, 380, 380, 380, 380, 380, 380, 380, 380, 380, 380, 381, 381, 381, 381, 381, 381, 381, 381, 381, 381, 381, 381, 381, 381, 381, 381, 381, 381, 381, 381, 382, 382, 382, 382, 382, 382, 382, 382, 382, 382, 382, 382, 382, 382, 382, 382, 382, 382, 382, 382, 383, 383, 383, 383, 383, 383, 383, 383, 383, 383, 383, 383, 383, 383, 383, 383, 383, 383, 383, 383, 384, 384, 384, 384, 384, 384, 384, 384, 384, 384, 384, 384, 384, 384, 384, 384, 384, 384, 384, 384]}}
Running inference for TCR6_T00000_A0201_IMDQVPFSV_0_model_1_model_2_ptm_ft4 A [376, 376, 376, 376, 376, 376, 376, 376, 376, 376, 376, 376, 376, 376, 376, 376, 376, 376, 376, 376]
Region IDs: [('A', 376, ' ')]
Running inference for TCR6_T00000_A0201_IMDQVPFSV_0_model_1_model_2_ptm_ft4 A [377, 377, 377, 377, 377, 377, 377, 377, 377, 377, 377, 377, 377, 377, 377, 377, 377, 377, 377, 377]
Region IDs: [('A', 377, ' ')]
Running inference for TCR6_T00000_A0201_IMDQVPFSV_0_model_1_model_2_ptm_ft4 A [378, 378, 378, 378, 378, 378, 378, 378, 378, 378, 378, 378, 378, 378, 378, 378, 378, 378, 378, 378]
Region IDs: [('A', 378, ' ')]
Running inference for TCR6_T00000_A0201_IMDQVPFSV_0_model_1_model_2_ptm_ft4 A [379, 379, 379, 379, 379, 379, 379, 379, 379, 379, 379, 379, 379, 379, 379, 379, 379, 379, 379, 379]
Region IDs: [('A', 379, ' ')]
Running inference for TCR6_T00000_A0201_IMDQVPFSV_0_model_1_model_2_ptm_ft4 A [380, 380, 380, 380, 380, 380, 380, 380, 380, 380, 380, 380, 380, 380, 380, 380, 380, 380, 380, 380]
Region IDs: [('A', 380, ' ')]
Running inference for TCR6_T00000_A0201_IMDQVPFSV_0_model_1_model_2_ptm_ft4 A [381, 381, 381, 381, 381, 381, 381, 381, 381, 381, 381, 381, 381, 381, 381, 381, 381, 381, 381, 381]
Region IDs: [('A', 381, ' ')]
Running inference for TCR6_T00000_A0201_IMDQVPFSV_0_model_1_model_2_ptm_ft4 A [382, 382, 382, 382, 382, 382, 382, 382, 382, 382, 382, 382, 382, 382, 382, 382, 382, 382, 382, 382]
Region IDs: [('A', 382, ' ')]
Running inference for TCR6_T00000_A0201_IMDQVPFSV_0_model_1_model_2_ptm_ft4 A [383, 383, 383, 383, 383, 383, 383, 383, 383, 383, 383, 383, 383, 383, 383, 383, 383, 383, 383, 383]
Region IDs: [('A', 383, ' ')]
Running inference for TCR6_T00000_A0201_IMDQVPFSV_0_model_1_model_2_ptm_ft4 A [384, 384, 384, 384, 384, 384, 384, 384, 384, 384, 384, 384, 384, 384, 384, 384, 384, 384, 384, 384]
Region IDs: [('A', 384, ' ')]
Inference took 64.15764689445496 seconds
Parsing .npz files...
Running on cpu.
Running on cpu.
Running on cpu.
Running on cpu.
Running on cpu.
Running on cpu.
Running on cpu.
Running on cpu.
Running on cpu.
Running on cpu.
['T00000_B2705_GRLKALCQR_0_2', 'TCR5_T00000_A0201_IMDQVPFSV_0_model_1_model_2_ptm_ft4', 'T00000_A0201_NLVPMVATV_0_1', 'T00000_A0201_IMDQVPFSV_0_2', 'T00000_B2705_GRLKALCQR_0_0', 'TCR3_T00000_A0201_NLVPMVATV_0_model_1_model_2_ptm_ft4', 'T00000_A0201_NLVPMVATV_0_3', 'TCR2_T00000_A0201_NLVPMVATV_0_model_1_model_2_ptm_ft4', 'TCR6_T00000_A0201_IMDQVPFSV_0_model_1_model_2_ptm_ft4', 'T00000_A0201_IMDQVPFSV_0_0', '5d2n', 'TCR4_T00000_A0201_IMDQVPFSV_0_model_1_model_2_ptm_ft4', 'T00000_B2705_GRLKALCQR_0_1', 'T00000_A0201_NLVPMVATV_0_0', 'T00000_A0201_NLVPMVATV_0_2', 'T00000_B2705_GRLKALCQR_0_3', '5d2n-filtered', 'TCR7_T00000_B2705_GRLKALCQR_0_model_1_model_2_ptm_ft4', 'T00000_A0201_IMDQVPFSV_0_3', 'T00000_A0201_IMDQVPFSV_0_1']
{'TCR7_T00000_B2705_GRLKALCQR_0_model_1_model_2_ptm_ft4': {'A': [376, 376, 376, 376, 376, 376, 376, 376, 376, 376, 376, 376, 376, 376, 376, 376, 376, 376, 376, 376, 377, 377, 377, 377, 377, 377, 377, 377, 377, 377, 377, 377, 377, 377, 377, 377, 377, 377, 377, 377, 378, 378, 378, 378, 378, 378, 378, 378, 378, 378, 378, 378, 378, 378, 378, 378, 378, 378, 378, 378, 379, 379, 379, 379, 379, 379, 379, 379, 379, 379, 379, 379, 379, 379, 379, 379, 379, 379, 379, 379, 380, 380, 380, 380, 380, 380, 380, 380, 380, 380, 380, 380, 380, 380, 380, 380, 380, 380, 380, 380, 381, 381, 381, 381, 381, 381, 381, 381, 381, 381, 381, 381, 381, 381, 381, 381, 381, 381, 381, 381, 382, 382, 382, 382, 382, 382, 382, 382, 382, 382, 382, 382, 382, 382, 382, 382, 382, 382, 382, 382, 383, 383, 383, 383, 383, 383, 383, 383, 383, 383, 383, 383, 383, 383, 383, 383, 383, 383, 383, 383, 384, 384, 384, 384, 384, 384, 384, 384, 384, 384, 384, 384, 384, 384, 384, 384, 384, 384, 384, 384]}}
Running inference for TCR7_T00000_B2705_GRLKALCQR_0_model_1_model_2_ptm_ft4 A [376, 376, 376, 376, 376, 376, 376, 376, 376, 376, 376, 376, 376, 376, 376, 376, 376, 376, 376, 376]
Region IDs: [('A', 376, ' ')]
Running inference for TCR7_T00000_B2705_GRLKALCQR_0_model_1_model_2_ptm_ft4 A [377, 377, 377, 377, 377, 377, 377, 377, 377, 377, 377, 377, 377, 377, 377, 377, 377, 377, 377, 377]
Region IDs: [('A', 377, ' ')]
Running inference for TCR7_T00000_B2705_GRLKALCQR_0_model_1_model_2_ptm_ft4 A [378, 378, 378, 378, 378, 378, 378, 378, 378, 378, 378, 378, 378, 378, 378, 378, 378, 378, 378, 378]
Region IDs: [('A', 378, ' ')]
Running inference for TCR7_T00000_B2705_GRLKALCQR_0_model_1_model_2_ptm_ft4 A [379, 379, 379, 379, 379, 379, 379, 379, 379, 379, 379, 379, 379, 379, 379, 379, 379, 379, 379, 379]
Region IDs: [('A', 379, ' ')]
Running inference for TCR7_T00000_B2705_GRLKALCQR_0_model_1_model_2_ptm_ft4 A [380, 380, 380, 380, 380, 380, 380, 380, 380, 380, 380, 380, 380, 380, 380, 380, 380, 380, 380, 380]
Region IDs: [('A', 380, ' ')]
Running inference for TCR7_T00000_B2705_GRLKALCQR_0_model_1_model_2_ptm_ft4 A [381, 381, 381, 381, 381, 381, 381, 381, 381, 381, 381, 381, 381, 381, 381, 381, 381, 381, 381, 381]
Region IDs: [('A', 381, ' ')]
Running inference for TCR7_T00000_B2705_GRLKALCQR_0_model_1_model_2_ptm_ft4 A [382, 382, 382, 382, 382, 382, 382, 382, 382, 382, 382, 382, 382, 382, 382, 382, 382, 382, 382, 382]
Region IDs: [('A', 382, ' ')]
Running inference for TCR7_T00000_B2705_GRLKALCQR_0_model_1_model_2_ptm_ft4 A [383, 383, 383, 383, 383, 383, 383, 383, 383, 383, 383, 383, 383, 383, 383, 383, 383, 383, 383, 383]
Region IDs: [('A', 383, ' ')]
Running inference for TCR7_T00000_B2705_GRLKALCQR_0_model_1_model_2_ptm_ft4 A [384, 384, 384, 384, 384, 384, 384, 384, 384, 384, 384, 384, 384, 384, 384, 384, 384, 384, 384, 384]
Region IDs: [('A', 384, ' ')]
Inference took 65.2936143875122 seconds
Parsing .npz files...
