Error downloading 8B2L: HTTP Error 404: Not Found
Error downloading 4V4E: HTTP Error 404: Not Found
Error downloading 8EN6: HTTP Error 404: Not Found
Error downloading 7FIX: HTTP Error 404: Not Found
Error downloading 7UVZ: HTTP Error 404: Not Found
Error downloading 6TMM: HTTP Error 404: Not Found
Error downloading 7QIZ: HTTP Error 404: Not Found
Error downloading 8GLP: HTTP Error 404: Not Found
Error downloading 7Q2W: HTTP Error 404: Not Found
Error downloading 6YL3: HTTP Error 404: Not Found
Error downloading 6AZ3: HTTP Error 404: Not Found
Error downloading 6YX7: HTTP Error 404: Not Found
Error downloading 7EVF: HTTP Error 404: Not Found
Error downloading 7PGZ: HTTP Error 404: Not Found
Error downloading 8PVS: HTTP Error 404: Not Found
Error downloading 6QZC: HTTP Error 404: Not Found
Error downloading 7DCO: HTTP Error 404: Not Found
Error downloading 8FBD: HTTP Error 404: Not Found
Error downloading 7OLW: HTTP Error 404: Not Found
Error downloading 6YNX: HTTP Error 404: Not Found
Error downloading 7SCB: HTTP Error 404: Not Found
Error downloading 6ZN1: HTTP Error 404: Not Found
Error downloading 7QNL: HTTP Error 404: Not Found
Error downloading 6SL9: HTTP Error 404: Not Found
Error downloading 8HX3: HTTP Error 404: Not Found
Error downloading 7PU1: HTTP Error 404: Not Found
Error downloading 8A98: HTTP Error 404: Not Found
Error downloading 8PV7: HTTP Error 404: Not Found
Error downloading 6L4U: HTTP Error 404: Not Found
Error downloading 7PRP: HTTP Error 404: Not Found
Error downloading 7A9Y: HTTP Error 404: Not Found
Error downloading 7U96: HTTP Error 404: Not Found
Error downloading 8B7P: HTTP Error 404: Not Found
Error downloading 8GXU: HTTP Error 404: Not Found
Error downloading 8FKV: HTTP Error 404: Not Found
Error downloading 7P5R: HTTP Error 404: Not Found
Error downloading 8FQ4: HTTP Error 404: Not Found
Error downloading 4UE3: HTTP Error 404: Not Found
Error downloading 7OYK: HTTP Error 404: Not Found
Error downloading 8BXW: HTTP Error 404: Not Found
Error downloading 8B4N: HTTP Error 404: Not Found
Error downloading 7ZQC: HTTP Error 404: Not Found
Error downloading 7NYN: HTTP Error 404: Not Found
Error downloading 6ZPV: HTTP Error 404: Not Found
Error downloading 4Y4O: HTTP Error 404: Not Found
Error downloading 7P2E: HTTP Error 404: Not Found
Error downloading 7P1T: HTTP Error 404: Not Found
Error downloading 6S0Z: HTTP Error 404: Not Found
Error downloading 7ADZ: HTTP Error 404: Not Found
Error downloading 6Z6C: HTTP Error 404: Not Found
Error downloading 8BIL: HTTP Error 404: Not Found
Error downloading 7BK5: HTTP Error 404: Not Found
Error downloading 7ZUX: HTTP Error 404: Not Found
Error downloading 7UQZ: HTTP Error 404: Not Found
Error downloading 8CCS: HTTP Error 404: Not Found
Error downloading 7MFS: HTTP Error 404: Not Found
Error downloading 7O5W: HTTP Error 404: Not Found
Error downloading 7PQA: HTTP Error 404: Not Found
Error downloading 7QVD: HTTP Error 404: Not Found
Error downloading 8B2A: HTTP Error 404: Not Found
Error downloading 6S0X: HTTP Error 404: Not Found
Error downloading 7UW1: HTTP Error 404: Not Found
Error downloading 7OYB: HTTP Error 404: Not Found
Error downloading 8EMY: HTTP Error 404: Not Found
Error downloading 8JIF: HTTP Error 404: Not Found
Error downloading 7QHI: HTTP Error 404: Not Found
Error downloading 6X6H: HTTP Error 404: Not Found
Error downloading 7OMV: HTTP Error 404: Not Found
Error downloading 6PJ6: HTTP Error 404: Not Found
Error downloading 6TAK: HTTP Error 404: Not Found
Error downloading 7PBW: HTTP Error 404: Not Found
Error downloading 7PIL: HTTP Error 404: Not Found
Error downloading 6TVU: HTTP Error 404: Not Found
Error downloading 7VD5: HTTP Error 404: Not Found
Error downloading 6SG2: HTTP Error 404: Not Found
Error downloading 6TJQ: HTTP Error 404: Not Found
Error downloading 7SC8: HTTP Error 404: Not Found
Error downloading 8A3D: HTTP Error 404: Not Found
Error downloading 8BN3: HTTP Error 404: Not Found
Error downloading 8EVT: HTTP Error 404: Not Found
Error downloading 7S0P: HTTP Error 404: Not Found
Error downloading 6XWK: HTTP Error 404: Not Found
Error downloading 7LTM: HTTP Error 404: Not Found
Error downloading 7P7Q: HTTP Error 404: Not Found
Error downloading 8CC2: HTTP Error 404: Not Found
Error downloading 7Z6T: HTTP Error 404: Not Found
Error downloading 6TAH: HTTP Error 404: Not Found
Error downloading 8B0X: HTTP Error 404: Not Found
Error downloading 7RYG: HTTP Error 404: Not Found
Error downloading 7NMZ: HTTP Error 404: Not Found
Error downloading 7OF7: HTTP Error 404: Not Found
Error downloading 8Q0S: HTTP Error 404: Not Found
Error downloading 8DLX: HTTP Error 404: Not Found
Error downloading 7PZY: HTTP Error 404: Not Found
Error downloading 7XNY: HTTP Error 404: Not Found
Error downloading 8XEG: HTTP Error 404: Not Found
Error downloading 6Y3D: HTTP Error 404: Not Found
Error downloading 7AF2: HTTP Error 404: Not Found
Error downloading 7ZAS: HTTP Error 404: Not Found
Error downloading 6WAT: HTTP Error 404: Not Found
Error downloading 7Z8A: HTTP Error 404: Not Found
Error downloading 6YP1: HTTP Error 404: Not Found
Error downloading 7B2T: HTTP Error 404: Not Found
Error downloading 7O0U: HTTP Error 404: Not Found
Error downloading 6WKS: HTTP Error 404: Not Found
Error downloading 8E30: HTTP Error 404: Not Found
Error downloading 7QUW: HTTP Error 404: Not Found
Error downloading 8FRU: HTTP Error 404: Not Found
Error downloading 8OM4: HTTP Error 404: Not Found
Error downloading 8ORK: HTTP Error 404: Not Found
Error downloading 7U8C: HTTP Error 404: Not Found
Error downloading 8BPX: HTTP Error 404: Not Found
Error downloading 8BKZ: HTTP Error 404: Not Found
Error downloading 7Q1W: HTTP Error 404: Not Found
Error downloading 7OW7: HTTP Error 404: Not Found
Error downloading 8JBZ: HTTP Error 404: Not Found
Error downloading 7NZD: HTTP Error 404: Not Found
Error downloading 7QNP: HTTP Error 404: Not Found
Error downloading 4YBB: HTTP Error 404: Not Found
Error downloading 7ZW0: HTTP Error 404: Not Found
Error downloading 7PTZ: HTTP Error 404: Not Found
Error downloading 7P0K: HTTP Error 404: Not Found
Error downloading 8EN5: HTTP Error 404: Not Found
