Running on cuda.
Running on cuda.
Running on cuda.
Running on cuda.
Running on cuda.
Running on cuda.
Running on cuda.
Running on cuda.
Running on cuda.
Running on cuda.
['1i4n']
{'1i4n': {'A': {40, 41, 42, 43, 44, 45, 46, 47, 48, 49, 74, 75, 76, 77, 78, 79, 80, 81, 82, 83, 102, 103, 104, 105, 106, 107, 108, 109, 110, 111, 124, 125, 126, 127, 128, 129, 130, 131, 132, 133, 150, 151, 152, 153, 154, 155, 156, 157, 158, 159, 172, 173, 174, 175, 176, 177, 178, 179, 180, 181, 202, 203, 204, 205, 206, 207, 208, 209, 210, 211, 224, 225, 226, 227, 228, 229, 230, 231, 232, 233}}}
Running inference for 1i4n A [40, 41, 42, 43, 44, 45, 46, 47, 48, 49, 74, 75, 76, 77, 78, 79, 80, 81, 82, 83]
Region IDs: [('A', 40, ' '), ('A', 41, ' '), ('A', 42, ' '), ('A', 43, ' '), ('A', 44, ' '), ('A', 45, ' '), ('A', 46, ' '), ('A', 47, ' '), ('A', 48, ' '), ('A', 49, ' '), ('A', 74, ' '), ('A', 75, ' '), ('A', 76, ' '), ('A', 77, ' '), ('A', 78, ' '), ('A', 79, ' '), ('A', 80, ' '), ('A', 81, ' '), ('A', 82, ' '), ('A', 83, ' ')]
Running inference for 1i4n A [102, 103, 104, 105, 106, 107, 108, 109, 110, 111, 124, 125, 126, 127, 128, 129, 130, 131, 132, 133]
Region IDs: [('A', 102, ' '), ('A', 103, ' '), ('A', 104, ' '), ('A', 105, ' '), ('A', 106, ' '), ('A', 107, ' '), ('A', 108, ' '), ('A', 109, ' '), ('A', 110, ' '), ('A', 111, ' '), ('A', 124, ' '), ('A', 125, ' '), ('A', 126, ' '), ('A', 127, ' '), ('A', 128, ' '), ('A', 129, ' '), ('A', 130, ' '), ('A', 131, ' '), ('A', 132, ' '), ('A', 133, ' ')]
Running inference for 1i4n A [150, 151, 152, 153, 154, 155, 156, 157, 158, 159, 172, 173, 174, 175, 176, 177, 178, 179, 180, 181]
Region IDs: [('A', 150, ' '), ('A', 151, ' '), ('A', 152, ' '), ('A', 153, ' '), ('A', 154, ' '), ('A', 155, ' '), ('A', 156, ' '), ('A', 157, ' '), ('A', 158, ' '), ('A', 159, ' '), ('A', 172, ' '), ('A', 173, ' '), ('A', 174, ' '), ('A', 175, ' '), ('A', 176, ' '), ('A', 177, ' '), ('A', 178, ' '), ('A', 179, ' '), ('A', 180, ' '), ('A', 181, ' ')]
Running inference for 1i4n A [202, 203, 204, 205, 206, 207, 208, 209, 210, 211, 224, 225, 226, 227, 228, 229, 230, 231, 232, 233]
Region IDs: [('A', 202, ' '), ('A', 203, ' '), ('A', 204, ' '), ('A', 205, ' '), ('A', 206, ' '), ('A', 207, ' '), ('A', 208, ' '), ('A', 209, ' '), ('A', 210, ' '), ('A', 211, ' '), ('A', 224, ' '), ('A', 225, ' '), ('A', 226, ' '), ('A', 227, ' '), ('A', 228, ' '), ('A', 229, ' '), ('A', 230, ' '), ('A', 231, ' '), ('A', 232, ' '), ('A', 233, ' ')]
Inference took 25.0714693069458 seconds
Parsing .npz files...
[06/20/24 05:23:06] WARNING  font_manager WARNING: findfont: Font family ['Arial'] not found.       font_manager.py:1350
                             Falling back to DejaVu Sans.                                                               
                    WARNING  font_manager WARNING: findfont: Font family ['Arial'] not found.       font_manager.py:1350
                             Falling back to DejaVu Sans.                                                               
Running on cuda.
Running on cuda.
Running on cuda.
Running on cuda.
Running on cuda.
Running on cuda.
Running on cuda.
Running on cuda.
Running on cuda.
Running on cuda.
['1i4n']
{'1i4n': {'A': {40, 41, 42, 43, 44, 45, 46, 47, 48, 49, 74, 75, 76, 77, 78, 79, 80, 81, 82, 83, 102, 103, 104, 105, 106, 107, 108, 109, 110, 111, 124, 125, 126, 127, 128, 129, 130, 131, 132, 133, 150, 151, 152, 153, 154, 155, 156, 157, 158, 159, 172, 173, 174, 175, 176, 177, 178, 179, 180, 181, 202, 203, 204, 205, 206, 207, 208, 209, 210, 211, 224, 225, 226, 227, 228, 229, 230, 231, 232, 233}}}
Running inference for 1i4n A [40, 41, 42, 43, 44, 45, 46, 47, 48, 49, 74, 75, 76, 77, 78, 79, 80, 81, 82, 83]
Region IDs: [('A', 40, ' '), ('A', 41, ' '), ('A', 42, ' '), ('A', 43, ' '), ('A', 44, ' '), ('A', 45, ' '), ('A', 46, ' '), ('A', 47, ' '), ('A', 48, ' '), ('A', 49, ' '), ('A', 74, ' '), ('A', 75, ' '), ('A', 76, ' '), ('A', 77, ' '), ('A', 78, ' '), ('A', 79, ' '), ('A', 80, ' '), ('A', 81, ' '), ('A', 82, ' '), ('A', 83, ' ')]
Running inference for 1i4n A [102, 103, 104, 105, 106, 107, 108, 109, 110, 111, 124, 125, 126, 127, 128, 129, 130, 131, 132, 133]
Region IDs: [('A', 102, ' '), ('A', 103, ' '), ('A', 104, ' '), ('A', 105, ' '), ('A', 106, ' '), ('A', 107, ' '), ('A', 108, ' '), ('A', 109, ' '), ('A', 110, ' '), ('A', 111, ' '), ('A', 124, ' '), ('A', 125, ' '), ('A', 126, ' '), ('A', 127, ' '), ('A', 128, ' '), ('A', 129, ' '), ('A', 130, ' '), ('A', 131, ' '), ('A', 132, ' '), ('A', 133, ' ')]
Running inference for 1i4n A [150, 151, 152, 153, 154, 155, 156, 157, 158, 159, 172, 173, 174, 175, 176, 177, 178, 179, 180, 181]
Region IDs: [('A', 150, ' '), ('A', 151, ' '), ('A', 152, ' '), ('A', 153, ' '), ('A', 154, ' '), ('A', 155, ' '), ('A', 156, ' '), ('A', 157, ' '), ('A', 158, ' '), ('A', 159, ' '), ('A', 172, ' '), ('A', 173, ' '), ('A', 174, ' '), ('A', 175, ' '), ('A', 176, ' '), ('A', 177, ' '), ('A', 178, ' '), ('A', 179, ' '), ('A', 180, ' '), ('A', 181, ' ')]
Running inference for 1i4n A [202, 203, 204, 205, 206, 207, 208, 209, 210, 211, 224, 225, 226, 227, 228, 229, 230, 231, 232, 233]
Region IDs: [('A', 202, ' '), ('A', 203, ' '), ('A', 204, ' '), ('A', 205, ' '), ('A', 206, ' '), ('A', 207, ' '), ('A', 208, ' '), ('A', 209, ' '), ('A', 210, ' '), ('A', 211, ' '), ('A', 224, ' '), ('A', 225, ' '), ('A', 226, ' '), ('A', 227, ' '), ('A', 228, ' '), ('A', 229, ' '), ('A', 230, ' '), ('A', 231, ' '), ('A', 232, ' '), ('A', 233, ' ')]
Inference took 24.163296937942505 seconds
Parsing .npz files...
[06/20/24 05:23:42] WARNING  font_manager WARNING: findfont: Font family ['Arial'] not found.       font_manager.py:1350
                             Falling back to DejaVu Sans.                                                               
                    WARNING  font_manager WARNING: findfont: Font family ['Arial'] not found.       font_manager.py:1350
                             Falling back to DejaVu Sans.                                                               
Running on cuda.
Running on cuda.
Running on cuda.
Running on cuda.
Running on cuda.
Running on cuda.
Running on cuda.
Running on cuda.
Running on cuda.
Running on cuda.
['1i4n']
{'1i4n': {'A': {40, 41, 42, 43, 44, 45, 46, 47, 48, 49, 74, 75, 76, 77, 78, 79, 80, 81, 82, 83, 102, 103, 104, 105, 106, 107, 108, 109, 110, 111, 124, 125, 126, 127, 128, 129, 130, 131, 132, 133, 150, 151, 152, 153, 154, 155, 156, 157, 158, 159, 172, 173, 174, 175, 176, 177, 178, 179, 180, 181, 202, 203, 204, 205, 206, 207, 208, 209, 210, 211, 224, 225, 226, 227, 228, 229, 230, 231, 232, 233}}}
Running inference for 1i4n A [40, 41, 42, 43, 44, 45, 46, 47, 48, 49, 74, 75, 76, 77, 78, 79, 80, 81, 82, 83]
Region IDs: [('A', 40, ' '), ('A', 41, ' '), ('A', 42, ' '), ('A', 43, ' '), ('A', 44, ' '), ('A', 45, ' '), ('A', 46, ' '), ('A', 47, ' '), ('A', 48, ' '), ('A', 49, ' '), ('A', 74, ' '), ('A', 75, ' '), ('A', 76, ' '), ('A', 77, ' '), ('A', 78, ' '), ('A', 79, ' '), ('A', 80, ' '), ('A', 81, ' '), ('A', 82, ' '), ('A', 83, ' ')]
Running inference for 1i4n A [102, 103, 104, 105, 106, 107, 108, 109, 110, 111, 124, 125, 126, 127, 128, 129, 130, 131, 132, 133]
Region IDs: [('A', 102, ' '), ('A', 103, ' '), ('A', 104, ' '), ('A', 105, ' '), ('A', 106, ' '), ('A', 107, ' '), ('A', 108, ' '), ('A', 109, ' '), ('A', 110, ' '), ('A', 111, ' '), ('A', 124, ' '), ('A', 125, ' '), ('A', 126, ' '), ('A', 127, ' '), ('A', 128, ' '), ('A', 129, ' '), ('A', 130, ' '), ('A', 131, ' '), ('A', 132, ' '), ('A', 133, ' ')]
Running inference for 1i4n A [150, 151, 152, 153, 154, 155, 156, 157, 158, 159, 172, 173, 174, 175, 176, 177, 178, 179, 180, 181]
Region IDs: [('A', 150, ' '), ('A', 151, ' '), ('A', 152, ' '), ('A', 153, ' '), ('A', 154, ' '), ('A', 155, ' '), ('A', 156, ' '), ('A', 157, ' '), ('A', 158, ' '), ('A', 159, ' '), ('A', 172, ' '), ('A', 173, ' '), ('A', 174, ' '), ('A', 175, ' '), ('A', 176, ' '), ('A', 177, ' '), ('A', 178, ' '), ('A', 179, ' '), ('A', 180, ' '), ('A', 181, ' ')]
Running inference for 1i4n A [202, 203, 204, 205, 206, 207, 208, 209, 210, 211, 224, 225, 226, 227, 228, 229, 230, 231, 232, 233]
Region IDs: [('A', 202, ' '), ('A', 203, ' '), ('A', 204, ' '), ('A', 205, ' '), ('A', 206, ' '), ('A', 207, ' '), ('A', 208, ' '), ('A', 209, ' '), ('A', 210, ' '), ('A', 211, ' '), ('A', 224, ' '), ('A', 225, ' '), ('A', 226, ' '), ('A', 227, ' '), ('A', 228, ' '), ('A', 229, ' '), ('A', 230, ' '), ('A', 231, ' '), ('A', 232, ' '), ('A', 233, ' ')]
Inference took 25.53436803817749 seconds
Parsing .npz files...
[06/20/24 05:24:20] WARNING  font_manager WARNING: findfont: Font family ['Arial'] not found.       font_manager.py:1350
                             Falling back to DejaVu Sans.                                                               
                    WARNING  font_manager WARNING: findfont: Font family ['Arial'] not found.       font_manager.py:1350
                             Falling back to DejaVu Sans.                                                               
Running on cuda.
Running on cuda.
Running on cuda.
Running on cuda.
Running on cuda.
Running on cuda.
Running on cuda.
Running on cuda.
Running on cuda.
Running on cuda.
['1i4n']
{'1i4n': {'A': {40, 41, 42, 43, 44, 45, 46, 47, 48, 49, 74, 75, 76, 77, 78, 79, 80, 81, 82, 83, 102, 103, 104, 105, 106, 107, 108, 109, 110, 111, 124, 125, 126, 127, 128, 129, 130, 131, 132, 133, 150, 151, 152, 153, 154, 155, 156, 157, 158, 159, 172, 173, 174, 175, 176, 177, 178, 179, 180, 181, 202, 203, 204, 205, 206, 207, 208, 209, 210, 211, 224, 225, 226, 227, 228, 229, 230, 231, 232, 233}}}
Running inference for 1i4n A [40, 41, 42, 43, 44, 45, 46, 47, 48, 49, 74, 75, 76, 77, 78, 79, 80, 81, 82, 83]
Region IDs: [('A', 40, ' '), ('A', 41, ' '), ('A', 42, ' '), ('A', 43, ' '), ('A', 44, ' '), ('A', 45, ' '), ('A', 46, ' '), ('A', 47, ' '), ('A', 48, ' '), ('A', 49, ' '), ('A', 74, ' '), ('A', 75, ' '), ('A', 76, ' '), ('A', 77, ' '), ('A', 78, ' '), ('A', 79, ' '), ('A', 80, ' '), ('A', 81, ' '), ('A', 82, ' '), ('A', 83, ' ')]
Running inference for 1i4n A [102, 103, 104, 105, 106, 107, 108, 109, 110, 111, 124, 125, 126, 127, 128, 129, 130, 131, 132, 133]
Region IDs: [('A', 102, ' '), ('A', 103, ' '), ('A', 104, ' '), ('A', 105, ' '), ('A', 106, ' '), ('A', 107, ' '), ('A', 108, ' '), ('A', 109, ' '), ('A', 110, ' '), ('A', 111, ' '), ('A', 124, ' '), ('A', 125, ' '), ('A', 126, ' '), ('A', 127, ' '), ('A', 128, ' '), ('A', 129, ' '), ('A', 130, ' '), ('A', 131, ' '), ('A', 132, ' '), ('A', 133, ' ')]
Running inference for 1i4n A [150, 151, 152, 153, 154, 155, 156, 157, 158, 159, 172, 173, 174, 175, 176, 177, 178, 179, 180, 181]
Region IDs: [('A', 150, ' '), ('A', 151, ' '), ('A', 152, ' '), ('A', 153, ' '), ('A', 154, ' '), ('A', 155, ' '), ('A', 156, ' '), ('A', 157, ' '), ('A', 158, ' '), ('A', 159, ' '), ('A', 172, ' '), ('A', 173, ' '), ('A', 174, ' '), ('A', 175, ' '), ('A', 176, ' '), ('A', 177, ' '), ('A', 178, ' '), ('A', 179, ' '), ('A', 180, ' '), ('A', 181, ' ')]
Running inference for 1i4n A [202, 203, 204, 205, 206, 207, 208, 209, 210, 211, 224, 225, 226, 227, 228, 229, 230, 231, 232, 233]
Region IDs: [('A', 202, ' '), ('A', 203, ' '), ('A', 204, ' '), ('A', 205, ' '), ('A', 206, ' '), ('A', 207, ' '), ('A', 208, ' '), ('A', 209, ' '), ('A', 210, ' '), ('A', 211, ' '), ('A', 224, ' '), ('A', 225, ' '), ('A', 226, ' '), ('A', 227, ' '), ('A', 228, ' '), ('A', 229, ' '), ('A', 230, ' '), ('A', 231, ' '), ('A', 232, ' '), ('A', 233, ' ')]
Inference took 24.754597663879395 seconds
Parsing .npz files...
[06/20/24 05:24:57] WARNING  font_manager WARNING: findfont: Font family ['Arial'] not found.       font_manager.py:1350
                             Falling back to DejaVu Sans.                                                               
                    WARNING  font_manager WARNING: findfont: Font family ['Arial'] not found.       font_manager.py:1350
                             Falling back to DejaVu Sans.                                                               
Running on cuda.
Running on cuda.
Running on cuda.
Running on cuda.
Running on cuda.
Running on cuda.
Running on cuda.
Running on cuda.
Running on cuda.
Running on cuda.
['1i4n']
{'1i4n': {'A': {40, 41, 42, 43, 44, 45, 46, 47, 48, 49, 74, 75, 76, 77, 78, 79, 80, 81, 82, 83, 102, 103, 104, 105, 106, 107, 108, 109, 110, 111, 124, 125, 126, 127, 128, 129, 130, 131, 132, 133, 150, 151, 152, 153, 154, 155, 156, 157, 158, 159, 172, 173, 174, 175, 176, 177, 178, 179, 180, 181, 202, 203, 204, 205, 206, 207, 208, 209, 210, 211, 224, 225, 226, 227, 228, 229, 230, 231, 232, 233}}}
Running inference for 1i4n A [40, 41, 42, 43, 44, 45, 46, 47, 48, 49, 74, 75, 76, 77, 78, 79, 80, 81, 82, 83]
Region IDs: [('A', 40, ' '), ('A', 41, ' '), ('A', 42, ' '), ('A', 43, ' '), ('A', 44, ' '), ('A', 45, ' '), ('A', 46, ' '), ('A', 47, ' '), ('A', 48, ' '), ('A', 49, ' '), ('A', 74, ' '), ('A', 75, ' '), ('A', 76, ' '), ('A', 77, ' '), ('A', 78, ' '), ('A', 79, ' '), ('A', 80, ' '), ('A', 81, ' '), ('A', 82, ' '), ('A', 83, ' ')]
[06/20/24 05:25:15] INFO     __init__ INFO: Found rosetta database at:                                   __init__.py:118
                             /gscratch/spe/gvisan01/miniconda3/envs/protholo_web/lib/python3.9/site-pack                
                             ages/pyrosetta-2022.46+release.f0c6fca-py3.9-linux-x86_64.egg/pyrosetta/dat                
                             abase; using it....                                                                        
                    INFO     __init__ INFO: PyRosetta-4 2022 [Rosetta PyRosetta4.Release.python39.linux  __init__.py:192
                             2022.46+release.f0c6fca0e2fae27020abfa11ca7804caf65edd38                                   
                             2022-11-16T11:41:29] retrieved from: http://www.pyrosetta.org                              
                             (C) Copyright Rosetta Commons Member Institutions. Created in JHU by Sergey                
                             Lyskov and PyRosetta Team.                                                                 
Running inference for 1i4n A [102, 103, 104, 105, 106, 107, 108, 109, 110, 111, 124, 125, 126, 127, 128, 129, 130, 131, 132, 133]
Region IDs: [('A', 102, ' '), ('A', 103, ' '), ('A', 104, ' '), ('A', 105, ' '), ('A', 106, ' '), ('A', 107, ' '), ('A', 108, ' '), ('A', 109, ' '), ('A', 110, ' '), ('A', 111, ' '), ('A', 124, ' '), ('A', 125, ' '), ('A', 126, ' '), ('A', 127, ' '), ('A', 128, ' '), ('A', 129, ' '), ('A', 130, ' '), ('A', 131, ' '), ('A', 132, ' '), ('A', 133, ' ')]
Running inference for 1i4n A [150, 151, 152, 153, 154, 155, 156, 157, 158, 159, 172, 173, 174, 175, 176, 177, 178, 179, 180, 181]
Region IDs: [('A', 150, ' '), ('A', 151, ' '), ('A', 152, ' '), ('A', 153, ' '), ('A', 154, ' '), ('A', 155, ' '), ('A', 156, ' '), ('A', 157, ' '), ('A', 158, ' '), ('A', 159, ' '), ('A', 172, ' '), ('A', 173, ' '), ('A', 174, ' '), ('A', 175, ' '), ('A', 176, ' '), ('A', 177, ' '), ('A', 178, ' '), ('A', 179, ' '), ('A', 180, ' '), ('A', 181, ' ')]
Running inference for 1i4n A [202, 203, 204, 205, 206, 207, 208, 209, 210, 211, 224, 225, 226, 227, 228, 229, 230, 231, 232, 233]
Region IDs: [('A', 202, ' '), ('A', 203, ' '), ('A', 204, ' '), ('A', 205, ' '), ('A', 206, ' '), ('A', 207, ' '), ('A', 208, ' '), ('A', 209, ' '), ('A', 210, ' '), ('A', 211, ' '), ('A', 224, ' '), ('A', 225, ' '), ('A', 226, ' '), ('A', 227, ' '), ('A', 228, ' '), ('A', 229, ' '), ('A', 230, ' '), ('A', 231, ' '), ('A', 232, ' '), ('A', 233, ' ')]
Inference took 19.942692041397095 seconds
Parsing .npz files...
[06/20/24 05:25:36] WARNING  font_manager WARNING: findfont: Font family ['Arial'] not found.       font_manager.py:1350
                             Falling back to DejaVu Sans.                                                               
                    WARNING  font_manager WARNING: findfont: Font family ['Arial'] not found.       font_manager.py:1350
                             Falling back to DejaVu Sans.                                                               
Running on cuda.
Running on cuda.
Running on cuda.
Running on cuda.
Running on cuda.
Running on cuda.
Running on cuda.
Running on cuda.
Running on cuda.
Running on cuda.
['1i4n']
{'1i4n': {'A': {40, 41, 42, 43, 44, 45, 46, 47, 48, 49, 74, 75, 76, 77, 78, 79, 80, 81, 82, 83, 102, 103, 104, 105, 106, 107, 108, 109, 110, 111, 124, 125, 126, 127, 128, 129, 130, 131, 132, 133, 150, 151, 152, 153, 154, 155, 156, 157, 158, 159, 172, 173, 174, 175, 176, 177, 178, 179, 180, 181, 202, 203, 204, 205, 206, 207, 208, 209, 210, 211, 224, 225, 226, 227, 228, 229, 230, 231, 232, 233}}}
Running inference for 1i4n A [40, 41, 42, 43, 44, 45, 46, 47, 48, 49, 74, 75, 76, 77, 78, 79, 80, 81, 82, 83]
Region IDs: [('A', 40, ' '), ('A', 41, ' '), ('A', 42, ' '), ('A', 43, ' '), ('A', 44, ' '), ('A', 45, ' '), ('A', 46, ' '), ('A', 47, ' '), ('A', 48, ' '), ('A', 49, ' '), ('A', 74, ' '), ('A', 75, ' '), ('A', 76, ' '), ('A', 77, ' '), ('A', 78, ' '), ('A', 79, ' '), ('A', 80, ' '), ('A', 81, ' '), ('A', 82, ' '), ('A', 83, ' ')]
[06/20/24 05:25:48] INFO     __init__ INFO: Found rosetta database at:                                   __init__.py:118
                             /gscratch/spe/gvisan01/miniconda3/envs/protholo_web/lib/python3.9/site-pack                
                             ages/pyrosetta-2022.46+release.f0c6fca-py3.9-linux-x86_64.egg/pyrosetta/dat                
                             abase; using it....                                                                        
                    INFO     __init__ INFO: PyRosetta-4 2022 [Rosetta PyRosetta4.Release.python39.linux  __init__.py:192
                             2022.46+release.f0c6fca0e2fae27020abfa11ca7804caf65edd38                                   
                             2022-11-16T11:41:29] retrieved from: http://www.pyrosetta.org                              
                             (C) Copyright Rosetta Commons Member Institutions. Created in JHU by Sergey                
                             Lyskov and PyRosetta Team.                                                                 
Running inference for 1i4n A [102, 103, 104, 105, 106, 107, 108, 109, 110, 111, 124, 125, 126, 127, 128, 129, 130, 131, 132, 133]
Region IDs: [('A', 102, ' '), ('A', 103, ' '), ('A', 104, ' '), ('A', 105, ' '), ('A', 106, ' '), ('A', 107, ' '), ('A', 108, ' '), ('A', 109, ' '), ('A', 110, ' '), ('A', 111, ' '), ('A', 124, ' '), ('A', 125, ' '), ('A', 126, ' '), ('A', 127, ' '), ('A', 128, ' '), ('A', 129, ' '), ('A', 130, ' '), ('A', 131, ' '), ('A', 132, ' '), ('A', 133, ' ')]
Running inference for 1i4n A [150, 151, 152, 153, 154, 155, 156, 157, 158, 159, 172, 173, 174, 175, 176, 177, 178, 179, 180, 181]
Region IDs: [('A', 150, ' '), ('A', 151, ' '), ('A', 152, ' '), ('A', 153, ' '), ('A', 154, ' '), ('A', 155, ' '), ('A', 156, ' '), ('A', 157, ' '), ('A', 158, ' '), ('A', 159, ' '), ('A', 172, ' '), ('A', 173, ' '), ('A', 174, ' '), ('A', 175, ' '), ('A', 176, ' '), ('A', 177, ' '), ('A', 178, ' '), ('A', 179, ' '), ('A', 180, ' '), ('A', 181, ' ')]
Running inference for 1i4n A [202, 203, 204, 205, 206, 207, 208, 209, 210, 211, 224, 225, 226, 227, 228, 229, 230, 231, 232, 233]
Region IDs: [('A', 202, ' '), ('A', 203, ' '), ('A', 204, ' '), ('A', 205, ' '), ('A', 206, ' '), ('A', 207, ' '), ('A', 208, ' '), ('A', 209, ' '), ('A', 210, ' '), ('A', 211, ' '), ('A', 224, ' '), ('A', 225, ' '), ('A', 226, ' '), ('A', 227, ' '), ('A', 228, ' '), ('A', 229, ' '), ('A', 230, ' '), ('A', 231, ' '), ('A', 232, ' '), ('A', 233, ' ')]
Inference took 16.92759108543396 seconds
Parsing .npz files...
[06/20/24 05:26:08] WARNING  font_manager WARNING: findfont: Font family ['Arial'] not found.       font_manager.py:1350
                             Falling back to DejaVu Sans.                                                               
                    WARNING  font_manager WARNING: findfont: Font family ['Arial'] not found.       font_manager.py:1350
                             Falling back to DejaVu Sans.                                                               
