Running on cuda.
Running on cuda.
Running on cuda.
Running on cuda.
Running on cuda.
Running on cuda.
Running on cuda.
Running on cuda.
Running on cuda.
Running on cuda.
['3uip', 'rank_1_model_5_ptm_seed_0_unrelaxed']
{'3uip': {'A': {1, 2, 3, 4, 5, 6, 7, 8, 9, 10, 11, 12, 13, 14, 15, 16, 17, 18, 19, 20, 21, 22, 23, 24, 25, 26, 27, 28, 29, 30, 31, 32, 33, 34, 35, 36, 37, 38, 39, 40, 41, 42, 43, 44, 45, 46, 47, 48, 49, 50, 51, 52, 53, 54, 55, 56, 57, 58, 59, 60, 61, 62, 63, 64, 65, 66, 67, 68, 69, 70, 71, 72, 73, 74, 75, 76, 77, 78, 79, 80, 81, 82, 83, 84, 85, 86, 87, 88, 89, 90, 91, 92, 93, 94, 95, 96, 97, 98, 99, 100, 101, 102, 103, 104, 105, 106, 107, 108, 109, 110, 111, 112, 113, 114, 115, 116, 117, 118, 119, 120, 121, 122, 123, 124, 125, 126, 127, 128, 129, 130, 131, 132, 133, 134, 135, 136, 137, 138, 139, 140, 141, 142, 143, 144, 145, 146, 147, 148, 149, 150, 151, 152, 153, 154, 155, 156, 157, 158, 159}}}
Running inference for 3uip A [1, 2, 3, 4, 5, 6, 7, 8, 9, 10, 11, 12, 13, 14, 15, 16, 17, 18, 19, 20]
Region IDs: [('A', 1, ' '), ('A', 2, ' '), ('A', 3, ' '), ('A', 4, ' '), ('A', 5, ' '), ('A', 6, ' '), ('A', 7, ' '), ('A', 8, ' '), ('A', 9, ' '), ('A', 10, ' '), ('A', 11, ' '), ('A', 12, ' '), ('A', 13, ' '), ('A', 14, ' '), ('A', 15, ' '), ('A', 16, ' '), ('A', 17, ' '), ('A', 18, ' '), ('A', 19, ' '), ('A', 20, ' ')]
WARNING: Resnums in res_ids do not match the requested resnums. Some resnums were not computed.
Running inference for 3uip A [21, 22, 23, 24, 25, 26, 27, 28, 29, 30, 31, 32, 33, 34, 35, 36, 37, 38, 39, 40]
Region IDs: [('A', 21, ' '), ('A', 22, ' '), ('A', 23, ' '), ('A', 24, ' '), ('A', 25, ' '), ('A', 26, ' '), ('A', 27, ' '), ('A', 28, ' '), ('A', 29, ' '), ('A', 30, ' '), ('A', 31, ' '), ('A', 32, ' '), ('A', 33, ' '), ('A', 34, ' '), ('A', 35, ' '), ('A', 36, ' '), ('A', 37, ' '), ('A', 38, ' '), ('A', 39, ' '), ('A', 40, ' ')]
Running inference for 3uip A [41, 42, 43, 44, 45, 46, 47, 48, 49, 50, 51, 52, 53, 54, 55, 56, 57, 58, 59, 60]
Region IDs: [('A', 41, ' '), ('A', 42, ' '), ('A', 43, ' '), ('A', 44, ' '), ('A', 45, ' '), ('A', 46, ' '), ('A', 47, ' '), ('A', 48, ' '), ('A', 49, ' '), ('A', 50, ' '), ('A', 51, ' '), ('A', 52, ' '), ('A', 53, ' '), ('A', 54, ' '), ('A', 55, ' '), ('A', 56, ' '), ('A', 57, ' '), ('A', 58, ' '), ('A', 59, ' '), ('A', 60, ' ')]
Running inference for 3uip A [61, 62, 63, 64, 65, 66, 67, 68, 69, 70, 71, 72, 73, 74, 75, 76, 77, 78, 79, 80]
Region IDs: [('A', 61, ' '), ('A', 62, ' '), ('A', 63, ' '), ('A', 64, ' '), ('A', 65, ' '), ('A', 66, ' '), ('A', 67, ' '), ('A', 68, ' '), ('A', 69, ' '), ('A', 70, ' '), ('A', 71, ' '), ('A', 72, ' '), ('A', 73, ' '), ('A', 74, ' '), ('A', 75, ' '), ('A', 76, ' '), ('A', 77, ' '), ('A', 78, ' '), ('A', 79, ' '), ('A', 80, ' ')]
Running inference for 3uip A [81, 82, 83, 84, 85, 86, 87, 88, 89, 90, 91, 92, 93, 94, 95, 96, 97, 98, 99, 100]
Region IDs: [('A', 81, ' '), ('A', 82, ' '), ('A', 83, ' '), ('A', 84, ' '), ('A', 85, ' '), ('A', 86, ' '), ('A', 87, ' '), ('A', 88, ' '), ('A', 89, ' '), ('A', 90, ' '), ('A', 91, ' '), ('A', 92, ' '), ('A', 93, ' '), ('A', 94, ' '), ('A', 95, ' '), ('A', 96, ' '), ('A', 97, ' '), ('A', 98, ' '), ('A', 99, ' '), ('A', 100, ' ')]
Running inference for 3uip A [101, 102, 103, 104, 105, 106, 107, 108, 109, 110, 111, 112, 113, 114, 115, 116, 117, 118, 119, 120]
Region IDs: [('A', 101, ' '), ('A', 102, ' '), ('A', 103, ' '), ('A', 104, ' '), ('A', 105, ' '), ('A', 106, ' '), ('A', 107, ' '), ('A', 108, ' '), ('A', 109, ' '), ('A', 110, ' '), ('A', 111, ' '), ('A', 112, ' '), ('A', 113, ' '), ('A', 114, ' '), ('A', 115, ' '), ('A', 116, ' '), ('A', 117, ' '), ('A', 118, ' '), ('A', 119, ' '), ('A', 120, ' ')]
Running inference for 3uip A [121, 122, 123, 124, 125, 126, 127, 128, 129, 130, 131, 132, 133, 134, 135, 136, 137, 138, 139, 140]
Region IDs: [('A', 121, ' '), ('A', 122, ' '), ('A', 123, ' '), ('A', 124, ' '), ('A', 125, ' '), ('A', 126, ' '), ('A', 127, ' '), ('A', 128, ' '), ('A', 129, ' '), ('A', 130, ' '), ('A', 131, ' '), ('A', 132, ' '), ('A', 133, ' '), ('A', 134, ' '), ('A', 135, ' '), ('A', 136, ' '), ('A', 137, ' '), ('A', 138, ' '), ('A', 139, ' '), ('A', 140, ' ')]
Running inference for 3uip A [141, 142, 143, 144, 145, 146, 147, 148, 149, 150, 151, 152, 153, 154, 155, 156, 157, 158, 159]
Region IDs: [('A', 141, ' '), ('A', 142, ' '), ('A', 143, ' '), ('A', 144, ' '), ('A', 145, ' '), ('A', 146, ' '), ('A', 147, ' '), ('A', 148, ' '), ('A', 149, ' '), ('A', 150, ' '), ('A', 151, ' '), ('A', 152, ' '), ('A', 153, ' '), ('A', 154, ' '), ('A', 155, ' '), ('A', 156, ' '), ('A', 157, ' '), ('A', 158, ' '), ('A', 159, ' ')]
WARNING: Resnums in res_ids do not match the requested resnums. Some resnums were not computed.
Inference took 90.45849633216858 seconds
Parsing .npz files...
WARNING: Resnum 159 not found in wt_data. Skipping 3uip A 159.
WARNING: Resnum 1 not found in wt_data. Skipping 3uip A 1.
WARNING: Resnum 159 not found in wt_data. Skipping 3uip A 159.
WARNING: Resnum 1 not found in wt_data. Skipping 3uip A 1.
WARNING: Resnum 159 not found in wt_data. Skipping 3uip A 159.
WARNING: Resnum 1 not found in wt_data. Skipping 3uip A 1.
WARNING: Resnum 159 not found in wt_data. Skipping 3uip A 159.
WARNING: Resnum 1 not found in wt_data. Skipping 3uip A 1.
WARNING: Resnum 159 not found in wt_data. Skipping 3uip A 159.
WARNING: Resnum 1 not found in wt_data. Skipping 3uip A 1.
WARNING: Resnum 159 not found in wt_data. Skipping 3uip A 159.
WARNING: Resnum 1 not found in wt_data. Skipping 3uip A 1.
WARNING: Resnum 159 not found in wt_data. Skipping 3uip A 159.
WARNING: Resnum 1 not found in wt_data. Skipping 3uip A 1.
WARNING: Resnum 159 not found in wt_data. Skipping 3uip A 159.
WARNING: Resnum 1 not found in wt_data. Skipping 3uip A 1.
WARNING: Resnum 159 not found in wt_data. Skipping 3uip A 159.
WARNING: Resnum 1 not found in wt_data. Skipping 3uip A 1.
WARNING: Resnum 159 not found in wt_data. Skipping 3uip A 159.
WARNING: Resnum 1 not found in wt_data. Skipping 3uip A 1.
WARNING: Resnum 159 not found in wt_data. Skipping 3uip A 159.
WARNING: Resnum 1 not found in wt_data. Skipping 3uip A 1.
WARNING: Resnum 159 not found in wt_data. Skipping 3uip A 159.
WARNING: Resnum 1 not found in wt_data. Skipping 3uip A 1.
WARNING: Resnum 159 not found in wt_data. Skipping 3uip A 159.
WARNING: Resnum 1 not found in wt_data. Skipping 3uip A 1.
WARNING: Resnum 159 not found in wt_data. Skipping 3uip A 159.
WARNING: Resnum 1 not found in wt_data. Skipping 3uip A 1.
WARNING: Resnum 159 not found in wt_data. Skipping 3uip A 159.
WARNING: Resnum 1 not found in wt_data. Skipping 3uip A 1.
WARNING: Resnum 159 not found in wt_data. Skipping 3uip A 159.
WARNING: Resnum 1 not found in wt_data. Skipping 3uip A 1.
WARNING: Resnum 159 not found in wt_data. Skipping 3uip A 159.
WARNING: Resnum 1 not found in wt_data. Skipping 3uip A 1.
WARNING: Resnum 159 not found in wt_data. Skipping 3uip A 159.
WARNING: Resnum 1 not found in wt_data. Skipping 3uip A 1.
WARNING: Resnum 159 not found in wt_data. Skipping 3uip A 159.
WARNING: Resnum 1 not found in wt_data. Skipping 3uip A 1.
WARNING: Resnum 159 not found in wt_data. Skipping 3uip A 159.
[06/20/24 05:16:44] WARNING  font_manager WARNING: findfont: Font family ['Arial'] not found.       font_manager.py:1350
                             Falling back to DejaVu Sans.                                                               
                    WARNING  font_manager WARNING: findfont: Font family ['Arial'] not found.       font_manager.py:1350
                             Falling back to DejaVu Sans.                                                               
Running on cuda.
Running on cuda.
Running on cuda.
Running on cuda.
Running on cuda.
Running on cuda.
Running on cuda.
Running on cuda.
Running on cuda.
Running on cuda.
['3uip', 'rank_1_model_5_ptm_seed_0_unrelaxed']
{'3uip': {'A': {1, 2, 3, 4, 5, 6, 7, 8, 9, 10, 11, 12, 13, 14, 15, 16, 17, 18, 19, 20, 21, 22, 23, 24, 25, 26, 27, 28, 29, 30, 31, 32, 33, 34, 35, 36, 37, 38, 39, 40, 41, 42, 43, 44, 45, 46, 47, 48, 49, 50, 51, 52, 53, 54, 55, 56, 57, 58, 59, 60, 61, 62, 63, 64, 65, 66, 67, 68, 69, 70, 71, 72, 73, 74, 75, 76, 77, 78, 79, 80, 81, 82, 83, 84, 85, 86, 87, 88, 89, 90, 91, 92, 93, 94, 95, 96, 97, 98, 99, 100, 101, 102, 103, 104, 105, 106, 107, 108, 109, 110, 111, 112, 113, 114, 115, 116, 117, 118, 119, 120, 121, 122, 123, 124, 125, 126, 127, 128, 129, 130, 131, 132, 133, 134, 135, 136, 137, 138, 139, 140, 141, 142, 143, 144, 145, 146, 147, 148, 149, 150, 151, 152, 153, 154, 155, 156, 157, 158, 159}}}
Running inference for 3uip A [1, 2, 3, 4, 5, 6, 7, 8, 9, 10, 11, 12, 13, 14, 15, 16, 17, 18, 19, 20]
Region IDs: [('A', 1, ' '), ('A', 2, ' '), ('A', 3, ' '), ('A', 4, ' '), ('A', 5, ' '), ('A', 6, ' '), ('A', 7, ' '), ('A', 8, ' '), ('A', 9, ' '), ('A', 10, ' '), ('A', 11, ' '), ('A', 12, ' '), ('A', 13, ' '), ('A', 14, ' '), ('A', 15, ' '), ('A', 16, ' '), ('A', 17, ' '), ('A', 18, ' '), ('A', 19, ' '), ('A', 20, ' ')]
WARNING: Resnums in res_ids do not match the requested resnums. Some resnums were not computed.
Running inference for 3uip A [21, 22, 23, 24, 25, 26, 27, 28, 29, 30, 31, 32, 33, 34, 35, 36, 37, 38, 39, 40]
Region IDs: [('A', 21, ' '), ('A', 22, ' '), ('A', 23, ' '), ('A', 24, ' '), ('A', 25, ' '), ('A', 26, ' '), ('A', 27, ' '), ('A', 28, ' '), ('A', 29, ' '), ('A', 30, ' '), ('A', 31, ' '), ('A', 32, ' '), ('A', 33, ' '), ('A', 34, ' '), ('A', 35, ' '), ('A', 36, ' '), ('A', 37, ' '), ('A', 38, ' '), ('A', 39, ' '), ('A', 40, ' ')]
Running inference for 3uip A [41, 42, 43, 44, 45, 46, 47, 48, 49, 50, 51, 52, 53, 54, 55, 56, 57, 58, 59, 60]
Region IDs: [('A', 41, ' '), ('A', 42, ' '), ('A', 43, ' '), ('A', 44, ' '), ('A', 45, ' '), ('A', 46, ' '), ('A', 47, ' '), ('A', 48, ' '), ('A', 49, ' '), ('A', 50, ' '), ('A', 51, ' '), ('A', 52, ' '), ('A', 53, ' '), ('A', 54, ' '), ('A', 55, ' '), ('A', 56, ' '), ('A', 57, ' '), ('A', 58, ' '), ('A', 59, ' '), ('A', 60, ' ')]
Running inference for 3uip A [61, 62, 63, 64, 65, 66, 67, 68, 69, 70, 71, 72, 73, 74, 75, 76, 77, 78, 79, 80]
Region IDs: [('A', 61, ' '), ('A', 62, ' '), ('A', 63, ' '), ('A', 64, ' '), ('A', 65, ' '), ('A', 66, ' '), ('A', 67, ' '), ('A', 68, ' '), ('A', 69, ' '), ('A', 70, ' '), ('A', 71, ' '), ('A', 72, ' '), ('A', 73, ' '), ('A', 74, ' '), ('A', 75, ' '), ('A', 76, ' '), ('A', 77, ' '), ('A', 78, ' '), ('A', 79, ' '), ('A', 80, ' ')]
Running inference for 3uip A [81, 82, 83, 84, 85, 86, 87, 88, 89, 90, 91, 92, 93, 94, 95, 96, 97, 98, 99, 100]
Region IDs: [('A', 81, ' '), ('A', 82, ' '), ('A', 83, ' '), ('A', 84, ' '), ('A', 85, ' '), ('A', 86, ' '), ('A', 87, ' '), ('A', 88, ' '), ('A', 89, ' '), ('A', 90, ' '), ('A', 91, ' '), ('A', 92, ' '), ('A', 93, ' '), ('A', 94, ' '), ('A', 95, ' '), ('A', 96, ' '), ('A', 97, ' '), ('A', 98, ' '), ('A', 99, ' '), ('A', 100, ' ')]
Running inference for 3uip A [101, 102, 103, 104, 105, 106, 107, 108, 109, 110, 111, 112, 113, 114, 115, 116, 117, 118, 119, 120]
Region IDs: [('A', 101, ' '), ('A', 102, ' '), ('A', 103, ' '), ('A', 104, ' '), ('A', 105, ' '), ('A', 106, ' '), ('A', 107, ' '), ('A', 108, ' '), ('A', 109, ' '), ('A', 110, ' '), ('A', 111, ' '), ('A', 112, ' '), ('A', 113, ' '), ('A', 114, ' '), ('A', 115, ' '), ('A', 116, ' '), ('A', 117, ' '), ('A', 118, ' '), ('A', 119, ' '), ('A', 120, ' ')]
Running inference for 3uip A [121, 122, 123, 124, 125, 126, 127, 128, 129, 130, 131, 132, 133, 134, 135, 136, 137, 138, 139, 140]
Region IDs: [('A', 121, ' '), ('A', 122, ' '), ('A', 123, ' '), ('A', 124, ' '), ('A', 125, ' '), ('A', 126, ' '), ('A', 127, ' '), ('A', 128, ' '), ('A', 129, ' '), ('A', 130, ' '), ('A', 131, ' '), ('A', 132, ' '), ('A', 133, ' '), ('A', 134, ' '), ('A', 135, ' '), ('A', 136, ' '), ('A', 137, ' '), ('A', 138, ' '), ('A', 139, ' '), ('A', 140, ' ')]
Running inference for 3uip A [141, 142, 143, 144, 145, 146, 147, 148, 149, 150, 151, 152, 153, 154, 155, 156, 157, 158, 159]
Region IDs: [('A', 141, ' '), ('A', 142, ' '), ('A', 143, ' '), ('A', 144, ' '), ('A', 145, ' '), ('A', 146, ' '), ('A', 147, ' '), ('A', 148, ' '), ('A', 149, ' '), ('A', 150, ' '), ('A', 151, ' '), ('A', 152, ' '), ('A', 153, ' '), ('A', 154, ' '), ('A', 155, ' '), ('A', 156, ' '), ('A', 157, ' '), ('A', 158, ' '), ('A', 159, ' ')]
WARNING: Resnums in res_ids do not match the requested resnums. Some resnums were not computed.
Inference took 85.19470882415771 seconds
Parsing .npz files...
WARNING: Resnum 159 not found in wt_data. Skipping 3uip A 159.
WARNING: Resnum 1 not found in wt_data. Skipping 3uip A 1.
WARNING: Resnum 159 not found in wt_data. Skipping 3uip A 159.
WARNING: Resnum 1 not found in wt_data. Skipping 3uip A 1.
WARNING: Resnum 159 not found in wt_data. Skipping 3uip A 159.
WARNING: Resnum 1 not found in wt_data. Skipping 3uip A 1.
WARNING: Resnum 159 not found in wt_data. Skipping 3uip A 159.
WARNING: Resnum 1 not found in wt_data. Skipping 3uip A 1.
WARNING: Resnum 159 not found in wt_data. Skipping 3uip A 159.
WARNING: Resnum 1 not found in wt_data. Skipping 3uip A 1.
WARNING: Resnum 159 not found in wt_data. Skipping 3uip A 159.
WARNING: Resnum 1 not found in wt_data. Skipping 3uip A 1.
WARNING: Resnum 159 not found in wt_data. Skipping 3uip A 159.
WARNING: Resnum 1 not found in wt_data. Skipping 3uip A 1.
WARNING: Resnum 159 not found in wt_data. Skipping 3uip A 159.
WARNING: Resnum 1 not found in wt_data. Skipping 3uip A 1.
WARNING: Resnum 159 not found in wt_data. Skipping 3uip A 159.
WARNING: Resnum 1 not found in wt_data. Skipping 3uip A 1.
WARNING: Resnum 159 not found in wt_data. Skipping 3uip A 159.
WARNING: Resnum 1 not found in wt_data. Skipping 3uip A 1.
WARNING: Resnum 159 not found in wt_data. Skipping 3uip A 159.
WARNING: Resnum 1 not found in wt_data. Skipping 3uip A 1.
WARNING: Resnum 159 not found in wt_data. Skipping 3uip A 159.
WARNING: Resnum 1 not found in wt_data. Skipping 3uip A 1.
WARNING: Resnum 159 not found in wt_data. Skipping 3uip A 159.
WARNING: Resnum 1 not found in wt_data. Skipping 3uip A 1.
WARNING: Resnum 159 not found in wt_data. Skipping 3uip A 159.
WARNING: Resnum 1 not found in wt_data. Skipping 3uip A 1.
WARNING: Resnum 159 not found in wt_data. Skipping 3uip A 159.
WARNING: Resnum 1 not found in wt_data. Skipping 3uip A 1.
WARNING: Resnum 159 not found in wt_data. Skipping 3uip A 159.
WARNING: Resnum 1 not found in wt_data. Skipping 3uip A 1.
WARNING: Resnum 159 not found in wt_data. Skipping 3uip A 159.
WARNING: Resnum 1 not found in wt_data. Skipping 3uip A 1.
WARNING: Resnum 159 not found in wt_data. Skipping 3uip A 159.
WARNING: Resnum 1 not found in wt_data. Skipping 3uip A 1.
WARNING: Resnum 159 not found in wt_data. Skipping 3uip A 159.
WARNING: Resnum 1 not found in wt_data. Skipping 3uip A 1.
WARNING: Resnum 159 not found in wt_data. Skipping 3uip A 159.
[06/20/24 05:18:44] WARNING  font_manager WARNING: findfont: Font family ['Arial'] not found.       font_manager.py:1350
                             Falling back to DejaVu Sans.                                                               
                    WARNING  font_manager WARNING: findfont: Font family ['Arial'] not found.       font_manager.py:1350
                             Falling back to DejaVu Sans.                                                               
Running on cuda.
Running on cuda.
Running on cuda.
Running on cuda.
Running on cuda.
Running on cuda.
Running on cuda.
Running on cuda.
Running on cuda.
Running on cuda.
['3uip', 'rank_1_model_5_ptm_seed_0_unrelaxed']
{'3uip': {'A': {1, 2, 3, 4, 5, 6, 7, 8, 9, 10, 11, 12, 13, 14, 15, 16, 17, 18, 19, 20, 21, 22, 23, 24, 25, 26, 27, 28, 29, 30, 31, 32, 33, 34, 35, 36, 37, 38, 39, 40, 41, 42, 43, 44, 45, 46, 47, 48, 49, 50, 51, 52, 53, 54, 55, 56, 57, 58, 59, 60, 61, 62, 63, 64, 65, 66, 67, 68, 69, 70, 71, 72, 73, 74, 75, 76, 77, 78, 79, 80, 81, 82, 83, 84, 85, 86, 87, 88, 89, 90, 91, 92, 93, 94, 95, 96, 97, 98, 99, 100, 101, 102, 103, 104, 105, 106, 107, 108, 109, 110, 111, 112, 113, 114, 115, 116, 117, 118, 119, 120, 121, 122, 123, 124, 125, 126, 127, 128, 129, 130, 131, 132, 133, 134, 135, 136, 137, 138, 139, 140, 141, 142, 143, 144, 145, 146, 147, 148, 149, 150, 151, 152, 153, 154, 155, 156, 157, 158, 159}}}
Running inference for 3uip A [1, 2, 3, 4, 5, 6, 7, 8, 9, 10, 11, 12, 13, 14, 15, 16, 17, 18, 19, 20]
Region IDs: [('A', 1, ' '), ('A', 2, ' '), ('A', 3, ' '), ('A', 4, ' '), ('A', 5, ' '), ('A', 6, ' '), ('A', 7, ' '), ('A', 8, ' '), ('A', 9, ' '), ('A', 10, ' '), ('A', 11, ' '), ('A', 12, ' '), ('A', 13, ' '), ('A', 14, ' '), ('A', 15, ' '), ('A', 16, ' '), ('A', 17, ' '), ('A', 18, ' '), ('A', 19, ' '), ('A', 20, ' ')]
WARNING: Resnums in res_ids do not match the requested resnums. Some resnums were not computed.
Running inference for 3uip A [21, 22, 23, 24, 25, 26, 27, 28, 29, 30, 31, 32, 33, 34, 35, 36, 37, 38, 39, 40]
Region IDs: [('A', 21, ' '), ('A', 22, ' '), ('A', 23, ' '), ('A', 24, ' '), ('A', 25, ' '), ('A', 26, ' '), ('A', 27, ' '), ('A', 28, ' '), ('A', 29, ' '), ('A', 30, ' '), ('A', 31, ' '), ('A', 32, ' '), ('A', 33, ' '), ('A', 34, ' '), ('A', 35, ' '), ('A', 36, ' '), ('A', 37, ' '), ('A', 38, ' '), ('A', 39, ' '), ('A', 40, ' ')]
Running inference for 3uip A [41, 42, 43, 44, 45, 46, 47, 48, 49, 50, 51, 52, 53, 54, 55, 56, 57, 58, 59, 60]
Region IDs: [('A', 41, ' '), ('A', 42, ' '), ('A', 43, ' '), ('A', 44, ' '), ('A', 45, ' '), ('A', 46, ' '), ('A', 47, ' '), ('A', 48, ' '), ('A', 49, ' '), ('A', 50, ' '), ('A', 51, ' '), ('A', 52, ' '), ('A', 53, ' '), ('A', 54, ' '), ('A', 55, ' '), ('A', 56, ' '), ('A', 57, ' '), ('A', 58, ' '), ('A', 59, ' '), ('A', 60, ' ')]
Running inference for 3uip A [61, 62, 63, 64, 65, 66, 67, 68, 69, 70, 71, 72, 73, 74, 75, 76, 77, 78, 79, 80]
Region IDs: [('A', 61, ' '), ('A', 62, ' '), ('A', 63, ' '), ('A', 64, ' '), ('A', 65, ' '), ('A', 66, ' '), ('A', 67, ' '), ('A', 68, ' '), ('A', 69, ' '), ('A', 70, ' '), ('A', 71, ' '), ('A', 72, ' '), ('A', 73, ' '), ('A', 74, ' '), ('A', 75, ' '), ('A', 76, ' '), ('A', 77, ' '), ('A', 78, ' '), ('A', 79, ' '), ('A', 80, ' ')]
Running inference for 3uip A [81, 82, 83, 84, 85, 86, 87, 88, 89, 90, 91, 92, 93, 94, 95, 96, 97, 98, 99, 100]
Region IDs: [('A', 81, ' '), ('A', 82, ' '), ('A', 83, ' '), ('A', 84, ' '), ('A', 85, ' '), ('A', 86, ' '), ('A', 87, ' '), ('A', 88, ' '), ('A', 89, ' '), ('A', 90, ' '), ('A', 91, ' '), ('A', 92, ' '), ('A', 93, ' '), ('A', 94, ' '), ('A', 95, ' '), ('A', 96, ' '), ('A', 97, ' '), ('A', 98, ' '), ('A', 99, ' '), ('A', 100, ' ')]
Running inference for 3uip A [101, 102, 103, 104, 105, 106, 107, 108, 109, 110, 111, 112, 113, 114, 115, 116, 117, 118, 119, 120]
Region IDs: [('A', 101, ' '), ('A', 102, ' '), ('A', 103, ' '), ('A', 104, ' '), ('A', 105, ' '), ('A', 106, ' '), ('A', 107, ' '), ('A', 108, ' '), ('A', 109, ' '), ('A', 110, ' '), ('A', 111, ' '), ('A', 112, ' '), ('A', 113, ' '), ('A', 114, ' '), ('A', 115, ' '), ('A', 116, ' '), ('A', 117, ' '), ('A', 118, ' '), ('A', 119, ' '), ('A', 120, ' ')]
Running inference for 3uip A [121, 122, 123, 124, 125, 126, 127, 128, 129, 130, 131, 132, 133, 134, 135, 136, 137, 138, 139, 140]
Region IDs: [('A', 121, ' '), ('A', 122, ' '), ('A', 123, ' '), ('A', 124, ' '), ('A', 125, ' '), ('A', 126, ' '), ('A', 127, ' '), ('A', 128, ' '), ('A', 129, ' '), ('A', 130, ' '), ('A', 131, ' '), ('A', 132, ' '), ('A', 133, ' '), ('A', 134, ' '), ('A', 135, ' '), ('A', 136, ' '), ('A', 137, ' '), ('A', 138, ' '), ('A', 139, ' '), ('A', 140, ' ')]
Running inference for 3uip A [141, 142, 143, 144, 145, 146, 147, 148, 149, 150, 151, 152, 153, 154, 155, 156, 157, 158, 159]
Region IDs: [('A', 141, ' '), ('A', 142, ' '), ('A', 143, ' '), ('A', 144, ' '), ('A', 145, ' '), ('A', 146, ' '), ('A', 147, ' '), ('A', 148, ' '), ('A', 149, ' '), ('A', 150, ' '), ('A', 151, ' '), ('A', 152, ' '), ('A', 153, ' '), ('A', 154, ' '), ('A', 155, ' '), ('A', 156, ' '), ('A', 157, ' '), ('A', 158, ' '), ('A', 159, ' ')]
WARNING: Resnums in res_ids do not match the requested resnums. Some resnums were not computed.
Inference took 82.14686346054077 seconds
Parsing .npz files...
WARNING: Resnum 159 not found in wt_data. Skipping 3uip A 159.
WARNING: Resnum 1 not found in wt_data. Skipping 3uip A 1.
WARNING: Resnum 159 not found in wt_data. Skipping 3uip A 159.
WARNING: Resnum 1 not found in wt_data. Skipping 3uip A 1.
WARNING: Resnum 159 not found in wt_data. Skipping 3uip A 159.
WARNING: Resnum 1 not found in wt_data. Skipping 3uip A 1.
WARNING: Resnum 159 not found in wt_data. Skipping 3uip A 159.
WARNING: Resnum 1 not found in wt_data. Skipping 3uip A 1.
WARNING: Resnum 159 not found in wt_data. Skipping 3uip A 159.
WARNING: Resnum 1 not found in wt_data. Skipping 3uip A 1.
WARNING: Resnum 159 not found in wt_data. Skipping 3uip A 159.
WARNING: Resnum 1 not found in wt_data. Skipping 3uip A 1.
WARNING: Resnum 159 not found in wt_data. Skipping 3uip A 159.
WARNING: Resnum 1 not found in wt_data. Skipping 3uip A 1.
WARNING: Resnum 159 not found in wt_data. Skipping 3uip A 159.
WARNING: Resnum 1 not found in wt_data. Skipping 3uip A 1.
WARNING: Resnum 159 not found in wt_data. Skipping 3uip A 159.
WARNING: Resnum 1 not found in wt_data. Skipping 3uip A 1.
WARNING: Resnum 159 not found in wt_data. Skipping 3uip A 159.
WARNING: Resnum 1 not found in wt_data. Skipping 3uip A 1.
WARNING: Resnum 159 not found in wt_data. Skipping 3uip A 159.
WARNING: Resnum 1 not found in wt_data. Skipping 3uip A 1.
WARNING: Resnum 159 not found in wt_data. Skipping 3uip A 159.
WARNING: Resnum 1 not found in wt_data. Skipping 3uip A 1.
WARNING: Resnum 159 not found in wt_data. Skipping 3uip A 159.
WARNING: Resnum 1 not found in wt_data. Skipping 3uip A 1.
WARNING: Resnum 159 not found in wt_data. Skipping 3uip A 159.
WARNING: Resnum 1 not found in wt_data. Skipping 3uip A 1.
WARNING: Resnum 159 not found in wt_data. Skipping 3uip A 159.
WARNING: Resnum 1 not found in wt_data. Skipping 3uip A 1.
WARNING: Resnum 159 not found in wt_data. Skipping 3uip A 159.
WARNING: Resnum 1 not found in wt_data. Skipping 3uip A 1.
WARNING: Resnum 159 not found in wt_data. Skipping 3uip A 159.
WARNING: Resnum 1 not found in wt_data. Skipping 3uip A 1.
WARNING: Resnum 159 not found in wt_data. Skipping 3uip A 159.
WARNING: Resnum 1 not found in wt_data. Skipping 3uip A 1.
WARNING: Resnum 159 not found in wt_data. Skipping 3uip A 159.
WARNING: Resnum 1 not found in wt_data. Skipping 3uip A 1.
WARNING: Resnum 159 not found in wt_data. Skipping 3uip A 159.
[06/20/24 05:20:34] WARNING  font_manager WARNING: findfont: Font family ['Arial'] not found.       font_manager.py:1350
                             Falling back to DejaVu Sans.                                                               
                    WARNING  font_manager WARNING: findfont: Font family ['Arial'] not found.       font_manager.py:1350
                             Falling back to DejaVu Sans.                                                               
Running on cuda.
Running on cuda.
Running on cuda.
Running on cuda.
Running on cuda.
Running on cuda.
Running on cuda.
Running on cuda.
Running on cuda.
Running on cuda.
['3uip', 'rank_1_model_5_ptm_seed_0_unrelaxed']
{'3uip': {'A': {1, 2, 3, 4, 5, 6, 7, 8, 9, 10, 11, 12, 13, 14, 15, 16, 17, 18, 19, 20, 21, 22, 23, 24, 25, 26, 27, 28, 29, 30, 31, 32, 33, 34, 35, 36, 37, 38, 39, 40, 41, 42, 43, 44, 45, 46, 47, 48, 49, 50, 51, 52, 53, 54, 55, 56, 57, 58, 59, 60, 61, 62, 63, 64, 65, 66, 67, 68, 69, 70, 71, 72, 73, 74, 75, 76, 77, 78, 79, 80, 81, 82, 83, 84, 85, 86, 87, 88, 89, 90, 91, 92, 93, 94, 95, 96, 97, 98, 99, 100, 101, 102, 103, 104, 105, 106, 107, 108, 109, 110, 111, 112, 113, 114, 115, 116, 117, 118, 119, 120, 121, 122, 123, 124, 125, 126, 127, 128, 129, 130, 131, 132, 133, 134, 135, 136, 137, 138, 139, 140, 141, 142, 143, 144, 145, 146, 147, 148, 149, 150, 151, 152, 153, 154, 155, 156, 157, 158, 159}}}
Running inference for 3uip A [1, 2, 3, 4, 5, 6, 7, 8, 9, 10, 11, 12, 13, 14, 15, 16, 17, 18, 19, 20]
Region IDs: [('A', 1, ' '), ('A', 2, ' '), ('A', 3, ' '), ('A', 4, ' '), ('A', 5, ' '), ('A', 6, ' '), ('A', 7, ' '), ('A', 8, ' '), ('A', 9, ' '), ('A', 10, ' '), ('A', 11, ' '), ('A', 12, ' '), ('A', 13, ' '), ('A', 14, ' '), ('A', 15, ' '), ('A', 16, ' '), ('A', 17, ' '), ('A', 18, ' '), ('A', 19, ' '), ('A', 20, ' ')]
WARNING: Resnums in res_ids do not match the requested resnums. Some resnums were not computed.
Running inference for 3uip A [21, 22, 23, 24, 25, 26, 27, 28, 29, 30, 31, 32, 33, 34, 35, 36, 37, 38, 39, 40]
Region IDs: [('A', 21, ' '), ('A', 22, ' '), ('A', 23, ' '), ('A', 24, ' '), ('A', 25, ' '), ('A', 26, ' '), ('A', 27, ' '), ('A', 28, ' '), ('A', 29, ' '), ('A', 30, ' '), ('A', 31, ' '), ('A', 32, ' '), ('A', 33, ' '), ('A', 34, ' '), ('A', 35, ' '), ('A', 36, ' '), ('A', 37, ' '), ('A', 38, ' '), ('A', 39, ' '), ('A', 40, ' ')]
Running inference for 3uip A [41, 42, 43, 44, 45, 46, 47, 48, 49, 50, 51, 52, 53, 54, 55, 56, 57, 58, 59, 60]
Region IDs: [('A', 41, ' '), ('A', 42, ' '), ('A', 43, ' '), ('A', 44, ' '), ('A', 45, ' '), ('A', 46, ' '), ('A', 47, ' '), ('A', 48, ' '), ('A', 49, ' '), ('A', 50, ' '), ('A', 51, ' '), ('A', 52, ' '), ('A', 53, ' '), ('A', 54, ' '), ('A', 55, ' '), ('A', 56, ' '), ('A', 57, ' '), ('A', 58, ' '), ('A', 59, ' '), ('A', 60, ' ')]
Running inference for 3uip A [61, 62, 63, 64, 65, 66, 67, 68, 69, 70, 71, 72, 73, 74, 75, 76, 77, 78, 79, 80]
Region IDs: [('A', 61, ' '), ('A', 62, ' '), ('A', 63, ' '), ('A', 64, ' '), ('A', 65, ' '), ('A', 66, ' '), ('A', 67, ' '), ('A', 68, ' '), ('A', 69, ' '), ('A', 70, ' '), ('A', 71, ' '), ('A', 72, ' '), ('A', 73, ' '), ('A', 74, ' '), ('A', 75, ' '), ('A', 76, ' '), ('A', 77, ' '), ('A', 78, ' '), ('A', 79, ' '), ('A', 80, ' ')]
Running inference for 3uip A [81, 82, 83, 84, 85, 86, 87, 88, 89, 90, 91, 92, 93, 94, 95, 96, 97, 98, 99, 100]
Region IDs: [('A', 81, ' '), ('A', 82, ' '), ('A', 83, ' '), ('A', 84, ' '), ('A', 85, ' '), ('A', 86, ' '), ('A', 87, ' '), ('A', 88, ' '), ('A', 89, ' '), ('A', 90, ' '), ('A', 91, ' '), ('A', 92, ' '), ('A', 93, ' '), ('A', 94, ' '), ('A', 95, ' '), ('A', 96, ' '), ('A', 97, ' '), ('A', 98, ' '), ('A', 99, ' '), ('A', 100, ' ')]
Running inference for 3uip A [101, 102, 103, 104, 105, 106, 107, 108, 109, 110, 111, 112, 113, 114, 115, 116, 117, 118, 119, 120]
Region IDs: [('A', 101, ' '), ('A', 102, ' '), ('A', 103, ' '), ('A', 104, ' '), ('A', 105, ' '), ('A', 106, ' '), ('A', 107, ' '), ('A', 108, ' '), ('A', 109, ' '), ('A', 110, ' '), ('A', 111, ' '), ('A', 112, ' '), ('A', 113, ' '), ('A', 114, ' '), ('A', 115, ' '), ('A', 116, ' '), ('A', 117, ' '), ('A', 118, ' '), ('A', 119, ' '), ('A', 120, ' ')]
Running inference for 3uip A [121, 122, 123, 124, 125, 126, 127, 128, 129, 130, 131, 132, 133, 134, 135, 136, 137, 138, 139, 140]
Region IDs: [('A', 121, ' '), ('A', 122, ' '), ('A', 123, ' '), ('A', 124, ' '), ('A', 125, ' '), ('A', 126, ' '), ('A', 127, ' '), ('A', 128, ' '), ('A', 129, ' '), ('A', 130, ' '), ('A', 131, ' '), ('A', 132, ' '), ('A', 133, ' '), ('A', 134, ' '), ('A', 135, ' '), ('A', 136, ' '), ('A', 137, ' '), ('A', 138, ' '), ('A', 139, ' '), ('A', 140, ' ')]
Running inference for 3uip A [141, 142, 143, 144, 145, 146, 147, 148, 149, 150, 151, 152, 153, 154, 155, 156, 157, 158, 159]
Region IDs: [('A', 141, ' '), ('A', 142, ' '), ('A', 143, ' '), ('A', 144, ' '), ('A', 145, ' '), ('A', 146, ' '), ('A', 147, ' '), ('A', 148, ' '), ('A', 149, ' '), ('A', 150, ' '), ('A', 151, ' '), ('A', 152, ' '), ('A', 153, ' '), ('A', 154, ' '), ('A', 155, ' '), ('A', 156, ' '), ('A', 157, ' '), ('A', 158, ' '), ('A', 159, ' ')]
WARNING: Resnums in res_ids do not match the requested resnums. Some resnums were not computed.
Inference took 74.2083387374878 seconds
Parsing .npz files...
WARNING: Resnum 159 not found in wt_data. Skipping 3uip A 159.
WARNING: Resnum 1 not found in wt_data. Skipping 3uip A 1.
WARNING: Resnum 159 not found in wt_data. Skipping 3uip A 159.
WARNING: Resnum 1 not found in wt_data. Skipping 3uip A 1.
WARNING: Resnum 159 not found in wt_data. Skipping 3uip A 159.
WARNING: Resnum 1 not found in wt_data. Skipping 3uip A 1.
WARNING: Resnum 159 not found in wt_data. Skipping 3uip A 159.
WARNING: Resnum 1 not found in wt_data. Skipping 3uip A 1.
WARNING: Resnum 159 not found in wt_data. Skipping 3uip A 159.
WARNING: Resnum 1 not found in wt_data. Skipping 3uip A 1.
WARNING: Resnum 159 not found in wt_data. Skipping 3uip A 159.
WARNING: Resnum 1 not found in wt_data. Skipping 3uip A 1.
WARNING: Resnum 159 not found in wt_data. Skipping 3uip A 159.
WARNING: Resnum 1 not found in wt_data. Skipping 3uip A 1.
WARNING: Resnum 159 not found in wt_data. Skipping 3uip A 159.
WARNING: Resnum 1 not found in wt_data. Skipping 3uip A 1.
WARNING: Resnum 159 not found in wt_data. Skipping 3uip A 159.
WARNING: Resnum 1 not found in wt_data. Skipping 3uip A 1.
WARNING: Resnum 159 not found in wt_data. Skipping 3uip A 159.
WARNING: Resnum 1 not found in wt_data. Skipping 3uip A 1.
WARNING: Resnum 159 not found in wt_data. Skipping 3uip A 159.
WARNING: Resnum 1 not found in wt_data. Skipping 3uip A 1.
WARNING: Resnum 159 not found in wt_data. Skipping 3uip A 159.
WARNING: Resnum 1 not found in wt_data. Skipping 3uip A 1.
WARNING: Resnum 159 not found in wt_data. Skipping 3uip A 159.
WARNING: Resnum 1 not found in wt_data. Skipping 3uip A 1.
WARNING: Resnum 159 not found in wt_data. Skipping 3uip A 159.
WARNING: Resnum 1 not found in wt_data. Skipping 3uip A 1.
WARNING: Resnum 159 not found in wt_data. Skipping 3uip A 159.
WARNING: Resnum 1 not found in wt_data. Skipping 3uip A 1.
WARNING: Resnum 159 not found in wt_data. Skipping 3uip A 159.
WARNING: Resnum 1 not found in wt_data. Skipping 3uip A 1.
WARNING: Resnum 159 not found in wt_data. Skipping 3uip A 159.
WARNING: Resnum 1 not found in wt_data. Skipping 3uip A 1.
WARNING: Resnum 159 not found in wt_data. Skipping 3uip A 159.
WARNING: Resnum 1 not found in wt_data. Skipping 3uip A 1.
WARNING: Resnum 159 not found in wt_data. Skipping 3uip A 159.
WARNING: Resnum 1 not found in wt_data. Skipping 3uip A 1.
WARNING: Resnum 159 not found in wt_data. Skipping 3uip A 159.
[06/20/24 05:22:16] WARNING  font_manager WARNING: findfont: Font family ['Arial'] not found.       font_manager.py:1350
                             Falling back to DejaVu Sans.                                                               
                    WARNING  font_manager WARNING: findfont: Font family ['Arial'] not found.       font_manager.py:1350
                             Falling back to DejaVu Sans.                                                               
Running on cuda.
Running on cuda.
Running on cuda.
Running on cuda.
Running on cuda.
Running on cuda.
Running on cuda.
Running on cuda.
Running on cuda.
Running on cuda.
Running on cuda.
Running on cuda.
Running on cuda.
Running on cuda.
Running on cuda.
Running on cuda.
Running on cuda.
Running on cuda.
Running on cuda.
Running on cuda.
Running on cuda.
Running on cuda.
Running on cuda.
Running on cuda.
Running on cuda.
Running on cuda.
Running on cuda.
Running on cuda.
Running on cuda.
Running on cuda.
Running on cuda.
Running on cuda.
Running on cuda.
Running on cuda.
Running on cuda.
Running on cuda.
Running on cuda.
Running on cuda.
Running on cuda.
Running on cuda.
Running on cuda.
Running on cuda.
Running on cuda.
Running on cuda.
Running on cuda.
Running on cuda.
Running on cuda.
Running on cuda.
Running on cuda.
Running on cuda.
Running on cuda.
Running on cuda.
Running on cuda.
Running on cuda.
Running on cuda.
Running on cuda.
Running on cuda.
Running on cuda.
Running on cuda.
Running on cuda.
Running on cuda.
Running on cuda.
Running on cuda.
Running on cuda.
Running on cuda.
Running on cuda.
Running on cuda.
Running on cuda.
Running on cuda.
Running on cuda.
Running on cuda.
Running on cuda.
Running on cuda.
Running on cuda.
Running on cuda.
Running on cuda.
Running on cuda.
Running on cuda.
Running on cuda.
Running on cuda.
