Running on cuda.
Running on cuda.
Running on cuda.
Running on cuda.
Running on cuda.
Running on cuda.
Running on cuda.
Running on cuda.
Running on cuda.
Running on cuda.
['2lay']
{'2lay': {'A': {170, 171, 172, 173, 174, 175, 176, 177, 178, 179, 180, 181, 182, 183, 184, 185, 186, 187, 188, 189, 190, 191, 192, 193, 194, 195, 196, 197, 198, 200, 201, 202, 203}}}
Running inference for 2lay A [170, 171, 172, 173, 174, 175, 176, 177, 178, 179, 180, 181, 182, 183, 184, 185, 186, 187, 188, 189]
Region IDs: [('A', 170, ' '), ('A', 171, ' '), ('A', 172, ' '), ('A', 173, ' '), ('A', 174, ' '), ('A', 175, ' '), ('A', 176, ' '), ('A', 177, ' '), ('A', 178, ' '), ('A', 179, ' '), ('A', 180, ' '), ('A', 181, ' '), ('A', 182, ' '), ('A', 183, ' '), ('A', 184, ' '), ('A', 185, ' '), ('A', 186, ' '), ('A', 187, ' '), ('A', 188, ' '), ('A', 189, ' ')]
Error making predictions for 2lay A [170, 171, 172, 173, 174, 175, 176, 177, 178, 179, 180, 181, 182, 183, 184, 185, 186, 187, 188, 189]: Atom N defined twice in residue <Residue ASP het=  resseq=170 icode= > at line 1458.
Running inference for 2lay A [190, 191, 192, 193, 194, 195, 196, 197, 198, 200, 201, 202, 203]
Region IDs: [('A', 190, ' '), ('A', 191, ' '), ('A', 192, ' '), ('A', 193, ' '), ('A', 194, ' '), ('A', 195, ' '), ('A', 196, ' '), ('A', 197, ' '), ('A', 198, ' '), ('A', 200, ' '), ('A', 201, ' '), ('A', 202, ' '), ('A', 203, ' ')]
Error making predictions for 2lay A [190, 191, 192, 193, 194, 195, 196, 197, 198, 200, 201, 202, 203]: Atom N defined twice in residue <Residue ASP het=  resseq=170 icode= > at line 1458.
Inference took 1.4897966384887695 seconds
Parsing .npz files...
WARNING: No file found for 2lay A 170.
WARNING: No file found for 2lay A 170.
WARNING: No file found for 2lay A 170.
WARNING: No file found for 2lay A 170.
WARNING: No file found for 2lay A 170.
WARNING: No file found for 2lay A 170.
WARNING: No file found for 2lay A 170.
WARNING: No file found for 2lay A 170.
WARNING: No file found for 2lay A 170.
WARNING: No file found for 2lay A 170.
WARNING: No file found for 2lay A 170.
WARNING: No file found for 2lay A 170.
WARNING: No file found for 2lay A 170.
WARNING: No file found for 2lay A 170.
WARNING: No file found for 2lay A 170.
WARNING: No file found for 2lay A 170.
WARNING: No file found for 2lay A 171.
WARNING: No file found for 2lay A 171.
WARNING: No file found for 2lay A 171.
WARNING: No file found for 2lay A 171.
WARNING: No file found for 2lay A 171.
WARNING: No file found for 2lay A 171.
WARNING: No file found for 2lay A 171.
WARNING: No file found for 2lay A 171.
WARNING: No file found for 2lay A 171.
WARNING: No file found for 2lay A 171.
WARNING: No file found for 2lay A 171.
WARNING: No file found for 2lay A 171.
WARNING: No file found for 2lay A 171.
WARNING: No file found for 2lay A 171.
WARNING: No file found for 2lay A 171.
WARNING: No file found for 2lay A 172.
WARNING: No file found for 2lay A 172.
WARNING: No file found for 2lay A 172.
WARNING: No file found for 2lay A 172.
WARNING: No file found for 2lay A 172.
WARNING: No file found for 2lay A 172.
WARNING: No file found for 2lay A 172.
WARNING: No file found for 2lay A 172.
WARNING: No file found for 2lay A 172.
WARNING: No file found for 2lay A 172.
WARNING: No file found for 2lay A 172.
WARNING: No file found for 2lay A 172.
WARNING: No file found for 2lay A 173.
WARNING: No file found for 2lay A 173.
WARNING: No file found for 2lay A 173.
WARNING: No file found for 2lay A 173.
WARNING: No file found for 2lay A 173.
WARNING: No file found for 2lay A 173.
WARNING: No file found for 2lay A 173.
WARNING: No file found for 2lay A 173.
WARNING: No file found for 2lay A 173.
WARNING: No file found for 2lay A 174.
WARNING: No file found for 2lay A 174.
WARNING: No file found for 2lay A 174.
WARNING: No file found for 2lay A 174.
WARNING: No file found for 2lay A 174.
WARNING: No file found for 2lay A 174.
WARNING: No file found for 2lay A 174.
WARNING: No file found for 2lay A 174.
WARNING: No file found for 2lay A 175.
WARNING: No file found for 2lay A 175.
WARNING: No file found for 2lay A 175.
WARNING: No file found for 2lay A 175.
WARNING: No file found for 2lay A 175.
WARNING: No file found for 2lay A 175.
WARNING: No file found for 2lay A 175.
WARNING: No file found for 2lay A 175.
WARNING: No file found for 2lay A 175.
WARNING: No file found for 2lay A 175.
WARNING: No file found for 2lay A 175.
WARNING: No file found for 2lay A 175.
WARNING: No file found for 2lay A 175.
WARNING: No file found for 2lay A 175.
WARNING: No file found for 2lay A 175.
WARNING: No file found for 2lay A 175.
WARNING: No file found for 2lay A 176.
WARNING: No file found for 2lay A 176.
WARNING: No file found for 2lay A 176.
WARNING: No file found for 2lay A 176.
WARNING: No file found for 2lay A 176.
WARNING: No file found for 2lay A 176.
WARNING: No file found for 2lay A 176.
WARNING: No file found for 2lay A 176.
WARNING: No file found for 2lay A 176.
WARNING: No file found for 2lay A 176.
WARNING: No file found for 2lay A 176.
WARNING: No file found for 2lay A 177.
WARNING: No file found for 2lay A 177.
WARNING: No file found for 2lay A 177.
WARNING: No file found for 2lay A 177.
WARNING: No file found for 2lay A 177.
WARNING: No file found for 2lay A 177.
WARNING: No file found for 2lay A 177.
WARNING: No file found for 2lay A 178.
WARNING: No file found for 2lay A 178.
WARNING: No file found for 2lay A 178.
WARNING: No file found for 2lay A 178.
WARNING: No file found for 2lay A 178.
WARNING: No file found for 2lay A 178.
WARNING: No file found for 2lay A 178.
WARNING: No file found for 2lay A 178.
WARNING: No file found for 2lay A 178.
WARNING: No file found for 2lay A 178.
WARNING: No file found for 2lay A 179.
WARNING: No file found for 2lay A 179.
WARNING: No file found for 2lay A 179.
WARNING: No file found for 2lay A 179.
WARNING: No file found for 2lay A 179.
WARNING: No file found for 2lay A 179.
WARNING: No file found for 2lay A 179.
WARNING: No file found for 2lay A 179.
WARNING: No file found for 2lay A 179.
WARNING: No file found for 2lay A 179.
WARNING: No file found for 2lay A 179.
WARNING: No file found for 2lay A 179.
WARNING: No file found for 2lay A 179.
WARNING: No file found for 2lay A 180.
WARNING: No file found for 2lay A 180.
WARNING: No file found for 2lay A 180.
WARNING: No file found for 2lay A 180.
WARNING: No file found for 2lay A 180.
WARNING: No file found for 2lay A 180.
WARNING: No file found for 2lay A 180.
WARNING: No file found for 2lay A 180.
WARNING: No file found for 2lay A 181.
WARNING: No file found for 2lay A 181.
WARNING: No file found for 2lay A 181.
WARNING: No file found for 2lay A 181.
WARNING: No file found for 2lay A 181.
WARNING: No file found for 2lay A 181.
WARNING: No file found for 2lay A 181.
WARNING: No file found for 2lay A 181.
WARNING: No file found for 2lay A 181.
WARNING: No file found for 2lay A 181.
WARNING: No file found for 2lay A 181.
WARNING: No file found for 2lay A 181.
WARNING: No file found for 2lay A 181.
WARNING: No file found for 2lay A 181.
WARNING: No file found for 2lay A 181.
WARNING: No file found for 2lay A 182.
WARNING: No file found for 2lay A 182.
WARNING: No file found for 2lay A 182.
WARNING: No file found for 2lay A 182.
WARNING: No file found for 2lay A 182.
WARNING: No file found for 2lay A 182.
WARNING: No file found for 2lay A 182.
WARNING: No file found for 2lay A 182.
WARNING: No file found for 2lay A 182.
WARNING: No file found for 2lay A 182.
WARNING: No file found for 2lay A 183.
WARNING: No file found for 2lay A 183.
WARNING: No file found for 2lay A 183.
WARNING: No file found for 2lay A 183.
WARNING: No file found for 2lay A 183.
WARNING: No file found for 2lay A 183.
WARNING: No file found for 2lay A 183.
WARNING: No file found for 2lay A 183.
WARNING: No file found for 2lay A 183.
WARNING: No file found for 2lay A 183.
WARNING: No file found for 2lay A 183.
WARNING: No file found for 2lay A 183.
WARNING: No file found for 2lay A 183.
WARNING: No file found for 2lay A 183.
WARNING: No file found for 2lay A 183.
WARNING: No file found for 2lay A 183.
WARNING: No file found for 2lay A 183.
WARNING: No file found for 2lay A 183.
WARNING: No file found for 2lay A 183.
WARNING: No file found for 2lay A 184.
WARNING: No file found for 2lay A 184.
WARNING: No file found for 2lay A 184.
WARNING: No file found for 2lay A 184.
WARNING: No file found for 2lay A 184.
WARNING: No file found for 2lay A 184.
WARNING: No file found for 2lay A 184.
WARNING: No file found for 2lay A 184.
WARNING: No file found for 2lay A 184.
WARNING: No file found for 2lay A 184.
WARNING: No file found for 2lay A 184.
WARNING: No file found for 2lay A 184.
WARNING: No file found for 2lay A 184.
WARNING: No file found for 2lay A 184.
WARNING: No file found for 2lay A 185.
WARNING: No file found for 2lay A 185.
WARNING: No file found for 2lay A 185.
WARNING: No file found for 2lay A 185.
WARNING: No file found for 2lay A 185.
WARNING: No file found for 2lay A 185.
WARNING: No file found for 2lay A 185.
WARNING: No file found for 2lay A 185.
WARNING: No file found for 2lay A 185.
WARNING: No file found for 2lay A 185.
WARNING: No file found for 2lay A 186.
WARNING: No file found for 2lay A 186.
WARNING: No file found for 2lay A 186.
WARNING: No file found for 2lay A 186.
WARNING: No file found for 2lay A 186.
WARNING: No file found for 2lay A 186.
WARNING: No file found for 2lay A 186.
WARNING: No file found for 2lay A 186.
WARNING: No file found for 2lay A 186.
WARNING: No file found for 2lay A 186.
WARNING: No file found for 2lay A 186.
WARNING: No file found for 2lay A 186.
WARNING: No file found for 2lay A 186.
WARNING: No file found for 2lay A 186.
WARNING: No file found for 2lay A 186.
WARNING: No file found for 2lay A 187.
WARNING: No file found for 2lay A 187.
WARNING: No file found for 2lay A 187.
WARNING: No file found for 2lay A 187.
WARNING: No file found for 2lay A 187.
WARNING: No file found for 2lay A 187.
WARNING: No file found for 2lay A 187.
WARNING: No file found for 2lay A 187.
WARNING: No file found for 2lay A 187.
WARNING: No file found for 2lay A 187.
WARNING: No file found for 2lay A 187.
WARNING: No file found for 2lay A 187.
WARNING: No file found for 2lay A 187.
WARNING: No file found for 2lay A 187.
WARNING: No file found for 2lay A 187.
WARNING: No file found for 2lay A 187.
WARNING: No file found for 2lay A 188.
WARNING: No file found for 2lay A 188.
WARNING: No file found for 2lay A 188.
WARNING: No file found for 2lay A 189.
WARNING: No file found for 2lay A 189.
WARNING: No file found for 2lay A 189.
WARNING: No file found for 2lay A 189.
WARNING: No file found for 2lay A 189.
WARNING: No file found for 2lay A 189.
WARNING: No file found for 2lay A 190.
WARNING: No file found for 2lay A 190.
WARNING: No file found for 2lay A 190.
WARNING: No file found for 2lay A 190.
WARNING: No file found for 2lay A 190.
WARNING: No file found for 2lay A 190.
WARNING: No file found for 2lay A 190.
WARNING: No file found for 2lay A 190.
WARNING: No file found for 2lay A 191.
WARNING: No file found for 2lay A 191.
WARNING: No file found for 2lay A 191.
WARNING: No file found for 2lay A 191.
WARNING: No file found for 2lay A 191.
WARNING: No file found for 2lay A 191.
WARNING: No file found for 2lay A 191.
WARNING: No file found for 2lay A 191.
WARNING: No file found for 2lay A 192.
WARNING: No file found for 2lay A 192.
WARNING: No file found for 2lay A 192.
WARNING: No file found for 2lay A 192.
WARNING: No file found for 2lay A 193.
WARNING: No file found for 2lay A 193.
WARNING: No file found for 2lay A 193.
WARNING: No file found for 2lay A 193.
WARNING: No file found for 2lay A 193.
WARNING: No file found for 2lay A 193.
WARNING: No file found for 2lay A 193.
WARNING: No file found for 2lay A 193.
WARNING: No file found for 2lay A 193.
WARNING: No file found for 2lay A 193.
WARNING: No file found for 2lay A 193.
WARNING: No file found for 2lay A 193.
WARNING: No file found for 2lay A 193.
WARNING: No file found for 2lay A 193.
WARNING: No file found for 2lay A 193.
WARNING: No file found for 2lay A 194.
WARNING: No file found for 2lay A 194.
WARNING: No file found for 2lay A 194.
WARNING: No file found for 2lay A 194.
WARNING: No file found for 2lay A 194.
WARNING: No file found for 2lay A 194.
WARNING: No file found for 2lay A 194.
WARNING: No file found for 2lay A 194.
WARNING: No file found for 2lay A 194.
WARNING: No file found for 2lay A 194.
WARNING: No file found for 2lay A 194.
WARNING: No file found for 2lay A 194.
WARNING: No file found for 2lay A 194.
WARNING: No file found for 2lay A 194.
WARNING: No file found for 2lay A 194.
WARNING: No file found for 2lay A 194.
WARNING: No file found for 2lay A 194.
WARNING: No file found for 2lay A 194.
WARNING: No file found for 2lay A 195.
WARNING: No file found for 2lay A 195.
WARNING: No file found for 2lay A 195.
WARNING: No file found for 2lay A 195.
WARNING: No file found for 2lay A 195.
WARNING: No file found for 2lay A 195.
WARNING: No file found for 2lay A 195.
WARNING: No file found for 2lay A 195.
WARNING: No file found for 2lay A 195.
WARNING: No file found for 2lay A 196.
WARNING: No file found for 2lay A 196.
WARNING: No file found for 2lay A 196.
WARNING: No file found for 2lay A 196.
WARNING: No file found for 2lay A 196.
WARNING: No file found for 2lay A 196.
WARNING: No file found for 2lay A 196.
WARNING: No file found for 2lay A 196.
WARNING: No file found for 2lay A 196.
WARNING: No file found for 2lay A 196.
WARNING: No file found for 2lay A 196.
WARNING: No file found for 2lay A 196.
WARNING: No file found for 2lay A 196.
WARNING: No file found for 2lay A 197.
WARNING: No file found for 2lay A 197.
WARNING: No file found for 2lay A 197.
WARNING: No file found for 2lay A 198.
WARNING: No file found for 2lay A 198.
WARNING: No file found for 2lay A 198.
WARNING: No file found for 2lay A 198.
WARNING: No file found for 2lay A 198.
WARNING: No file found for 2lay A 198.
WARNING: No file found for 2lay A 198.
WARNING: No file found for 2lay A 198.
WARNING: No file found for 2lay A 198.
WARNING: No file found for 2lay A 198.
WARNING: No file found for 2lay A 198.
WARNING: No file found for 2lay A 200.
WARNING: No file found for 2lay A 200.
WARNING: No file found for 2lay A 200.
WARNING: No file found for 2lay A 200.
WARNING: No file found for 2lay A 200.
WARNING: No file found for 2lay A 200.
WARNING: No file found for 2lay A 200.
WARNING: No file found for 2lay A 200.
WARNING: No file found for 2lay A 200.
WARNING: No file found for 2lay A 200.
WARNING: No file found for 2lay A 200.
WARNING: No file found for 2lay A 200.
WARNING: No file found for 2lay A 200.
WARNING: No file found for 2lay A 200.
WARNING: No file found for 2lay A 200.
WARNING: No file found for 2lay A 201.
WARNING: No file found for 2lay A 201.
WARNING: No file found for 2lay A 201.
WARNING: No file found for 2lay A 201.
WARNING: No file found for 2lay A 201.
WARNING: No file found for 2lay A 201.
WARNING: No file found for 2lay A 201.
WARNING: No file found for 2lay A 201.
WARNING: No file found for 2lay A 201.
WARNING: No file found for 2lay A 201.
WARNING: No file found for 2lay A 201.
WARNING: No file found for 2lay A 201.
WARNING: No file found for 2lay A 201.
WARNING: No file found for 2lay A 202.
WARNING: No file found for 2lay A 202.
WARNING: No file found for 2lay A 202.
WARNING: No file found for 2lay A 202.
WARNING: No file found for 2lay A 202.
WARNING: No file found for 2lay A 202.
WARNING: No file found for 2lay A 203.
WARNING: No file found for 2lay A 203.
WARNING: No file found for 2lay A 203.
WARNING: No file found for 2lay A 203.
WARNING: No file found for 2lay A 203.
WARNING: No file found for 2lay A 203.
Running on cuda.
Running on cuda.
Running on cuda.
Running on cuda.
Running on cuda.
Running on cuda.
Running on cuda.
Running on cuda.
Running on cuda.
Running on cuda.
['2lay']
{'2lay': {'A': {170, 171, 172, 173, 174, 175, 176, 177, 178, 179, 180, 181, 182, 183, 184, 185, 186, 187, 188, 189, 190, 191, 192, 193, 194, 195, 196, 197, 198, 200, 201, 202, 203}}}
Running inference for 2lay A [170, 171, 172, 173, 174, 175, 176, 177, 178, 179, 180, 181, 182, 183, 184, 185, 186, 187, 188, 189]
Region IDs: [('A', 170, ' '), ('A', 171, ' '), ('A', 172, ' '), ('A', 173, ' '), ('A', 174, ' '), ('A', 175, ' '), ('A', 176, ' '), ('A', 177, ' '), ('A', 178, ' '), ('A', 179, ' '), ('A', 180, ' '), ('A', 181, ' '), ('A', 182, ' '), ('A', 183, ' '), ('A', 184, ' '), ('A', 185, ' '), ('A', 186, ' '), ('A', 187, ' '), ('A', 188, ' '), ('A', 189, ' ')]
Error making predictions for 2lay A [170, 171, 172, 173, 174, 175, 176, 177, 178, 179, 180, 181, 182, 183, 184, 185, 186, 187, 188, 189]: Atom N defined twice in residue <Residue ASP het=  resseq=170 icode= > at line 1458.
Running inference for 2lay A [190, 191, 192, 193, 194, 195, 196, 197, 198, 200, 201, 202, 203]
Region IDs: [('A', 190, ' '), ('A', 191, ' '), ('A', 192, ' '), ('A', 193, ' '), ('A', 194, ' '), ('A', 195, ' '), ('A', 196, ' '), ('A', 197, ' '), ('A', 198, ' '), ('A', 200, ' '), ('A', 201, ' '), ('A', 202, ' '), ('A', 203, ' ')]
Error making predictions for 2lay A [190, 191, 192, 193, 194, 195, 196, 197, 198, 200, 201, 202, 203]: Atom N defined twice in residue <Residue ASP het=  resseq=170 icode= > at line 1458.
Inference took 1.482456922531128 seconds
Parsing .npz files...
WARNING: No file found for 2lay A 170.
WARNING: No file found for 2lay A 170.
WARNING: No file found for 2lay A 170.
WARNING: No file found for 2lay A 170.
WARNING: No file found for 2lay A 170.
WARNING: No file found for 2lay A 170.
WARNING: No file found for 2lay A 170.
WARNING: No file found for 2lay A 170.
WARNING: No file found for 2lay A 170.
WARNING: No file found for 2lay A 170.
WARNING: No file found for 2lay A 170.
WARNING: No file found for 2lay A 170.
WARNING: No file found for 2lay A 170.
WARNING: No file found for 2lay A 170.
WARNING: No file found for 2lay A 170.
WARNING: No file found for 2lay A 170.
WARNING: No file found for 2lay A 171.
WARNING: No file found for 2lay A 171.
WARNING: No file found for 2lay A 171.
WARNING: No file found for 2lay A 171.
WARNING: No file found for 2lay A 171.
WARNING: No file found for 2lay A 171.
WARNING: No file found for 2lay A 171.
WARNING: No file found for 2lay A 171.
WARNING: No file found for 2lay A 171.
WARNING: No file found for 2lay A 171.
WARNING: No file found for 2lay A 171.
WARNING: No file found for 2lay A 171.
WARNING: No file found for 2lay A 171.
WARNING: No file found for 2lay A 171.
WARNING: No file found for 2lay A 171.
WARNING: No file found for 2lay A 172.
WARNING: No file found for 2lay A 172.
WARNING: No file found for 2lay A 172.
WARNING: No file found for 2lay A 172.
WARNING: No file found for 2lay A 172.
WARNING: No file found for 2lay A 172.
WARNING: No file found for 2lay A 172.
WARNING: No file found for 2lay A 172.
WARNING: No file found for 2lay A 172.
WARNING: No file found for 2lay A 172.
WARNING: No file found for 2lay A 172.
WARNING: No file found for 2lay A 172.
WARNING: No file found for 2lay A 173.
WARNING: No file found for 2lay A 173.
WARNING: No file found for 2lay A 173.
WARNING: No file found for 2lay A 173.
WARNING: No file found for 2lay A 173.
WARNING: No file found for 2lay A 173.
WARNING: No file found for 2lay A 173.
WARNING: No file found for 2lay A 173.
WARNING: No file found for 2lay A 173.
WARNING: No file found for 2lay A 174.
WARNING: No file found for 2lay A 174.
WARNING: No file found for 2lay A 174.
WARNING: No file found for 2lay A 174.
WARNING: No file found for 2lay A 174.
WARNING: No file found for 2lay A 174.
WARNING: No file found for 2lay A 174.
WARNING: No file found for 2lay A 174.
WARNING: No file found for 2lay A 175.
WARNING: No file found for 2lay A 175.
WARNING: No file found for 2lay A 175.
WARNING: No file found for 2lay A 175.
WARNING: No file found for 2lay A 175.
WARNING: No file found for 2lay A 175.
WARNING: No file found for 2lay A 175.
WARNING: No file found for 2lay A 175.
WARNING: No file found for 2lay A 175.
WARNING: No file found for 2lay A 175.
WARNING: No file found for 2lay A 175.
WARNING: No file found for 2lay A 175.
WARNING: No file found for 2lay A 175.
WARNING: No file found for 2lay A 175.
WARNING: No file found for 2lay A 175.
WARNING: No file found for 2lay A 175.
WARNING: No file found for 2lay A 176.
WARNING: No file found for 2lay A 176.
WARNING: No file found for 2lay A 176.
WARNING: No file found for 2lay A 176.
WARNING: No file found for 2lay A 176.
WARNING: No file found for 2lay A 176.
WARNING: No file found for 2lay A 176.
WARNING: No file found for 2lay A 176.
WARNING: No file found for 2lay A 176.
WARNING: No file found for 2lay A 176.
WARNING: No file found for 2lay A 176.
WARNING: No file found for 2lay A 177.
WARNING: No file found for 2lay A 177.
WARNING: No file found for 2lay A 177.
WARNING: No file found for 2lay A 177.
WARNING: No file found for 2lay A 177.
WARNING: No file found for 2lay A 177.
WARNING: No file found for 2lay A 177.
WARNING: No file found for 2lay A 178.
WARNING: No file found for 2lay A 178.
WARNING: No file found for 2lay A 178.
WARNING: No file found for 2lay A 178.
WARNING: No file found for 2lay A 178.
WARNING: No file found for 2lay A 178.
WARNING: No file found for 2lay A 178.
WARNING: No file found for 2lay A 178.
WARNING: No file found for 2lay A 178.
WARNING: No file found for 2lay A 178.
WARNING: No file found for 2lay A 179.
WARNING: No file found for 2lay A 179.
WARNING: No file found for 2lay A 179.
WARNING: No file found for 2lay A 179.
WARNING: No file found for 2lay A 179.
WARNING: No file found for 2lay A 179.
WARNING: No file found for 2lay A 179.
WARNING: No file found for 2lay A 179.
WARNING: No file found for 2lay A 179.
WARNING: No file found for 2lay A 179.
WARNING: No file found for 2lay A 179.
WARNING: No file found for 2lay A 179.
WARNING: No file found for 2lay A 179.
WARNING: No file found for 2lay A 180.
WARNING: No file found for 2lay A 180.
WARNING: No file found for 2lay A 180.
WARNING: No file found for 2lay A 180.
WARNING: No file found for 2lay A 180.
WARNING: No file found for 2lay A 180.
WARNING: No file found for 2lay A 180.
WARNING: No file found for 2lay A 180.
WARNING: No file found for 2lay A 181.
WARNING: No file found for 2lay A 181.
WARNING: No file found for 2lay A 181.
WARNING: No file found for 2lay A 181.
WARNING: No file found for 2lay A 181.
WARNING: No file found for 2lay A 181.
WARNING: No file found for 2lay A 181.
WARNING: No file found for 2lay A 181.
WARNING: No file found for 2lay A 181.
WARNING: No file found for 2lay A 181.
WARNING: No file found for 2lay A 181.
WARNING: No file found for 2lay A 181.
WARNING: No file found for 2lay A 181.
WARNING: No file found for 2lay A 181.
WARNING: No file found for 2lay A 181.
WARNING: No file found for 2lay A 182.
WARNING: No file found for 2lay A 182.
WARNING: No file found for 2lay A 182.
WARNING: No file found for 2lay A 182.
WARNING: No file found for 2lay A 182.
WARNING: No file found for 2lay A 182.
WARNING: No file found for 2lay A 182.
WARNING: No file found for 2lay A 182.
WARNING: No file found for 2lay A 182.
WARNING: No file found for 2lay A 182.
WARNING: No file found for 2lay A 183.
WARNING: No file found for 2lay A 183.
WARNING: No file found for 2lay A 183.
WARNING: No file found for 2lay A 183.
WARNING: No file found for 2lay A 183.
WARNING: No file found for 2lay A 183.
WARNING: No file found for 2lay A 183.
WARNING: No file found for 2lay A 183.
WARNING: No file found for 2lay A 183.
WARNING: No file found for 2lay A 183.
WARNING: No file found for 2lay A 183.
WARNING: No file found for 2lay A 183.
WARNING: No file found for 2lay A 183.
WARNING: No file found for 2lay A 183.
WARNING: No file found for 2lay A 183.
WARNING: No file found for 2lay A 183.
WARNING: No file found for 2lay A 183.
WARNING: No file found for 2lay A 183.
WARNING: No file found for 2lay A 183.
WARNING: No file found for 2lay A 184.
WARNING: No file found for 2lay A 184.
WARNING: No file found for 2lay A 184.
WARNING: No file found for 2lay A 184.
WARNING: No file found for 2lay A 184.
WARNING: No file found for 2lay A 184.
WARNING: No file found for 2lay A 184.
WARNING: No file found for 2lay A 184.
WARNING: No file found for 2lay A 184.
WARNING: No file found for 2lay A 184.
WARNING: No file found for 2lay A 184.
WARNING: No file found for 2lay A 184.
WARNING: No file found for 2lay A 184.
WARNING: No file found for 2lay A 184.
WARNING: No file found for 2lay A 185.
WARNING: No file found for 2lay A 185.
WARNING: No file found for 2lay A 185.
WARNING: No file found for 2lay A 185.
WARNING: No file found for 2lay A 185.
WARNING: No file found for 2lay A 185.
WARNING: No file found for 2lay A 185.
WARNING: No file found for 2lay A 185.
WARNING: No file found for 2lay A 185.
WARNING: No file found for 2lay A 185.
WARNING: No file found for 2lay A 186.
WARNING: No file found for 2lay A 186.
WARNING: No file found for 2lay A 186.
WARNING: No file found for 2lay A 186.
WARNING: No file found for 2lay A 186.
WARNING: No file found for 2lay A 186.
WARNING: No file found for 2lay A 186.
WARNING: No file found for 2lay A 186.
WARNING: No file found for 2lay A 186.
WARNING: No file found for 2lay A 186.
WARNING: No file found for 2lay A 186.
WARNING: No file found for 2lay A 186.
WARNING: No file found for 2lay A 186.
WARNING: No file found for 2lay A 186.
WARNING: No file found for 2lay A 186.
WARNING: No file found for 2lay A 187.
WARNING: No file found for 2lay A 187.
WARNING: No file found for 2lay A 187.
WARNING: No file found for 2lay A 187.
WARNING: No file found for 2lay A 187.
WARNING: No file found for 2lay A 187.
WARNING: No file found for 2lay A 187.
WARNING: No file found for 2lay A 187.
WARNING: No file found for 2lay A 187.
WARNING: No file found for 2lay A 187.
WARNING: No file found for 2lay A 187.
WARNING: No file found for 2lay A 187.
WARNING: No file found for 2lay A 187.
WARNING: No file found for 2lay A 187.
WARNING: No file found for 2lay A 187.
WARNING: No file found for 2lay A 187.
WARNING: No file found for 2lay A 188.
WARNING: No file found for 2lay A 188.
WARNING: No file found for 2lay A 188.
WARNING: No file found for 2lay A 189.
WARNING: No file found for 2lay A 189.
WARNING: No file found for 2lay A 189.
WARNING: No file found for 2lay A 189.
WARNING: No file found for 2lay A 189.
WARNING: No file found for 2lay A 189.
WARNING: No file found for 2lay A 190.
WARNING: No file found for 2lay A 190.
WARNING: No file found for 2lay A 190.
WARNING: No file found for 2lay A 190.
WARNING: No file found for 2lay A 190.
WARNING: No file found for 2lay A 190.
WARNING: No file found for 2lay A 190.
WARNING: No file found for 2lay A 190.
WARNING: No file found for 2lay A 191.
WARNING: No file found for 2lay A 191.
WARNING: No file found for 2lay A 191.
WARNING: No file found for 2lay A 191.
WARNING: No file found for 2lay A 191.
WARNING: No file found for 2lay A 191.
WARNING: No file found for 2lay A 191.
WARNING: No file found for 2lay A 191.
WARNING: No file found for 2lay A 192.
WARNING: No file found for 2lay A 192.
WARNING: No file found for 2lay A 192.
WARNING: No file found for 2lay A 192.
WARNING: No file found for 2lay A 193.
WARNING: No file found for 2lay A 193.
WARNING: No file found for 2lay A 193.
WARNING: No file found for 2lay A 193.
WARNING: No file found for 2lay A 193.
WARNING: No file found for 2lay A 193.
WARNING: No file found for 2lay A 193.
WARNING: No file found for 2lay A 193.
WARNING: No file found for 2lay A 193.
WARNING: No file found for 2lay A 193.
WARNING: No file found for 2lay A 193.
WARNING: No file found for 2lay A 193.
WARNING: No file found for 2lay A 193.
WARNING: No file found for 2lay A 193.
WARNING: No file found for 2lay A 193.
WARNING: No file found for 2lay A 194.
WARNING: No file found for 2lay A 194.
WARNING: No file found for 2lay A 194.
WARNING: No file found for 2lay A 194.
WARNING: No file found for 2lay A 194.
WARNING: No file found for 2lay A 194.
WARNING: No file found for 2lay A 194.
WARNING: No file found for 2lay A 194.
WARNING: No file found for 2lay A 194.
WARNING: No file found for 2lay A 194.
WARNING: No file found for 2lay A 194.
WARNING: No file found for 2lay A 194.
WARNING: No file found for 2lay A 194.
WARNING: No file found for 2lay A 194.
WARNING: No file found for 2lay A 194.
WARNING: No file found for 2lay A 194.
WARNING: No file found for 2lay A 194.
WARNING: No file found for 2lay A 194.
WARNING: No file found for 2lay A 195.
WARNING: No file found for 2lay A 195.
WARNING: No file found for 2lay A 195.
WARNING: No file found for 2lay A 195.
WARNING: No file found for 2lay A 195.
WARNING: No file found for 2lay A 195.
WARNING: No file found for 2lay A 195.
WARNING: No file found for 2lay A 195.
WARNING: No file found for 2lay A 195.
WARNING: No file found for 2lay A 196.
WARNING: No file found for 2lay A 196.
WARNING: No file found for 2lay A 196.
WARNING: No file found for 2lay A 196.
WARNING: No file found for 2lay A 196.
WARNING: No file found for 2lay A 196.
WARNING: No file found for 2lay A 196.
WARNING: No file found for 2lay A 196.
WARNING: No file found for 2lay A 196.
WARNING: No file found for 2lay A 196.
WARNING: No file found for 2lay A 196.
WARNING: No file found for 2lay A 196.
WARNING: No file found for 2lay A 196.
WARNING: No file found for 2lay A 197.
WARNING: No file found for 2lay A 197.
WARNING: No file found for 2lay A 197.
WARNING: No file found for 2lay A 198.
WARNING: No file found for 2lay A 198.
WARNING: No file found for 2lay A 198.
WARNING: No file found for 2lay A 198.
WARNING: No file found for 2lay A 198.
WARNING: No file found for 2lay A 198.
WARNING: No file found for 2lay A 198.
WARNING: No file found for 2lay A 198.
WARNING: No file found for 2lay A 198.
WARNING: No file found for 2lay A 198.
WARNING: No file found for 2lay A 198.
WARNING: No file found for 2lay A 200.
WARNING: No file found for 2lay A 200.
WARNING: No file found for 2lay A 200.
WARNING: No file found for 2lay A 200.
WARNING: No file found for 2lay A 200.
WARNING: No file found for 2lay A 200.
WARNING: No file found for 2lay A 200.
WARNING: No file found for 2lay A 200.
WARNING: No file found for 2lay A 200.
WARNING: No file found for 2lay A 200.
WARNING: No file found for 2lay A 200.
WARNING: No file found for 2lay A 200.
WARNING: No file found for 2lay A 200.
WARNING: No file found for 2lay A 200.
WARNING: No file found for 2lay A 200.
WARNING: No file found for 2lay A 201.
WARNING: No file found for 2lay A 201.
WARNING: No file found for 2lay A 201.
WARNING: No file found for 2lay A 201.
WARNING: No file found for 2lay A 201.
WARNING: No file found for 2lay A 201.
WARNING: No file found for 2lay A 201.
WARNING: No file found for 2lay A 201.
WARNING: No file found for 2lay A 201.
WARNING: No file found for 2lay A 201.
WARNING: No file found for 2lay A 201.
WARNING: No file found for 2lay A 201.
WARNING: No file found for 2lay A 201.
WARNING: No file found for 2lay A 202.
WARNING: No file found for 2lay A 202.
WARNING: No file found for 2lay A 202.
WARNING: No file found for 2lay A 202.
WARNING: No file found for 2lay A 202.
WARNING: No file found for 2lay A 202.
WARNING: No file found for 2lay A 203.
WARNING: No file found for 2lay A 203.
WARNING: No file found for 2lay A 203.
WARNING: No file found for 2lay A 203.
WARNING: No file found for 2lay A 203.
WARNING: No file found for 2lay A 203.
Running on cuda.
Running on cuda.
Running on cuda.
Running on cuda.
Running on cuda.
Running on cuda.
Running on cuda.
Running on cuda.
Running on cuda.
Running on cuda.
['2lay']
{'2lay': {'A': {170, 171, 172, 173, 174, 175, 176, 177, 178, 179, 180, 181, 182, 183, 184, 185, 186, 187, 188, 189, 190, 191, 192, 193, 194, 195, 196, 197, 198, 200, 201, 202, 203}}}
Running inference for 2lay A [170, 171, 172, 173, 174, 175, 176, 177, 178, 179, 180, 181, 182, 183, 184, 185, 186, 187, 188, 189]
Region IDs: [('A', 170, ' '), ('A', 171, ' '), ('A', 172, ' '), ('A', 173, ' '), ('A', 174, ' '), ('A', 175, ' '), ('A', 176, ' '), ('A', 177, ' '), ('A', 178, ' '), ('A', 179, ' '), ('A', 180, ' '), ('A', 181, ' '), ('A', 182, ' '), ('A', 183, ' '), ('A', 184, ' '), ('A', 185, ' '), ('A', 186, ' '), ('A', 187, ' '), ('A', 188, ' '), ('A', 189, ' ')]
Error making predictions for 2lay A [170, 171, 172, 173, 174, 175, 176, 177, 178, 179, 180, 181, 182, 183, 184, 185, 186, 187, 188, 189]: Atom N defined twice in residue <Residue ASP het=  resseq=170 icode= > at line 1458.
Running inference for 2lay A [190, 191, 192, 193, 194, 195, 196, 197, 198, 200, 201, 202, 203]
Region IDs: [('A', 190, ' '), ('A', 191, ' '), ('A', 192, ' '), ('A', 193, ' '), ('A', 194, ' '), ('A', 195, ' '), ('A', 196, ' '), ('A', 197, ' '), ('A', 198, ' '), ('A', 200, ' '), ('A', 201, ' '), ('A', 202, ' '), ('A', 203, ' ')]
Error making predictions for 2lay A [190, 191, 192, 193, 194, 195, 196, 197, 198, 200, 201, 202, 203]: Atom N defined twice in residue <Residue ASP het=  resseq=170 icode= > at line 1458.
Inference took 1.4556751251220703 seconds
Parsing .npz files...
WARNING: No file found for 2lay A 170.
WARNING: No file found for 2lay A 170.
WARNING: No file found for 2lay A 170.
WARNING: No file found for 2lay A 170.
WARNING: No file found for 2lay A 170.
WARNING: No file found for 2lay A 170.
WARNING: No file found for 2lay A 170.
WARNING: No file found for 2lay A 170.
WARNING: No file found for 2lay A 170.
WARNING: No file found for 2lay A 170.
WARNING: No file found for 2lay A 170.
WARNING: No file found for 2lay A 170.
WARNING: No file found for 2lay A 170.
WARNING: No file found for 2lay A 170.
WARNING: No file found for 2lay A 170.
WARNING: No file found for 2lay A 170.
WARNING: No file found for 2lay A 171.
WARNING: No file found for 2lay A 171.
WARNING: No file found for 2lay A 171.
WARNING: No file found for 2lay A 171.
WARNING: No file found for 2lay A 171.
WARNING: No file found for 2lay A 171.
WARNING: No file found for 2lay A 171.
WARNING: No file found for 2lay A 171.
WARNING: No file found for 2lay A 171.
WARNING: No file found for 2lay A 171.
WARNING: No file found for 2lay A 171.
WARNING: No file found for 2lay A 171.
WARNING: No file found for 2lay A 171.
WARNING: No file found for 2lay A 171.
WARNING: No file found for 2lay A 171.
WARNING: No file found for 2lay A 172.
WARNING: No file found for 2lay A 172.
WARNING: No file found for 2lay A 172.
WARNING: No file found for 2lay A 172.
WARNING: No file found for 2lay A 172.
WARNING: No file found for 2lay A 172.
WARNING: No file found for 2lay A 172.
WARNING: No file found for 2lay A 172.
WARNING: No file found for 2lay A 172.
WARNING: No file found for 2lay A 172.
WARNING: No file found for 2lay A 172.
WARNING: No file found for 2lay A 172.
WARNING: No file found for 2lay A 173.
WARNING: No file found for 2lay A 173.
WARNING: No file found for 2lay A 173.
WARNING: No file found for 2lay A 173.
WARNING: No file found for 2lay A 173.
WARNING: No file found for 2lay A 173.
WARNING: No file found for 2lay A 173.
WARNING: No file found for 2lay A 173.
WARNING: No file found for 2lay A 173.
WARNING: No file found for 2lay A 174.
WARNING: No file found for 2lay A 174.
WARNING: No file found for 2lay A 174.
WARNING: No file found for 2lay A 174.
WARNING: No file found for 2lay A 174.
WARNING: No file found for 2lay A 174.
WARNING: No file found for 2lay A 174.
WARNING: No file found for 2lay A 174.
WARNING: No file found for 2lay A 175.
WARNING: No file found for 2lay A 175.
WARNING: No file found for 2lay A 175.
WARNING: No file found for 2lay A 175.
WARNING: No file found for 2lay A 175.
WARNING: No file found for 2lay A 175.
WARNING: No file found for 2lay A 175.
WARNING: No file found for 2lay A 175.
WARNING: No file found for 2lay A 175.
WARNING: No file found for 2lay A 175.
WARNING: No file found for 2lay A 175.
WARNING: No file found for 2lay A 175.
WARNING: No file found for 2lay A 175.
WARNING: No file found for 2lay A 175.
WARNING: No file found for 2lay A 175.
WARNING: No file found for 2lay A 175.
WARNING: No file found for 2lay A 176.
WARNING: No file found for 2lay A 176.
WARNING: No file found for 2lay A 176.
WARNING: No file found for 2lay A 176.
WARNING: No file found for 2lay A 176.
WARNING: No file found for 2lay A 176.
WARNING: No file found for 2lay A 176.
WARNING: No file found for 2lay A 176.
WARNING: No file found for 2lay A 176.
WARNING: No file found for 2lay A 176.
WARNING: No file found for 2lay A 176.
WARNING: No file found for 2lay A 177.
WARNING: No file found for 2lay A 177.
WARNING: No file found for 2lay A 177.
WARNING: No file found for 2lay A 177.
WARNING: No file found for 2lay A 177.
WARNING: No file found for 2lay A 177.
WARNING: No file found for 2lay A 177.
WARNING: No file found for 2lay A 178.
WARNING: No file found for 2lay A 178.
WARNING: No file found for 2lay A 178.
WARNING: No file found for 2lay A 178.
WARNING: No file found for 2lay A 178.
WARNING: No file found for 2lay A 178.
WARNING: No file found for 2lay A 178.
WARNING: No file found for 2lay A 178.
WARNING: No file found for 2lay A 178.
WARNING: No file found for 2lay A 178.
WARNING: No file found for 2lay A 179.
WARNING: No file found for 2lay A 179.
WARNING: No file found for 2lay A 179.
WARNING: No file found for 2lay A 179.
WARNING: No file found for 2lay A 179.
WARNING: No file found for 2lay A 179.
WARNING: No file found for 2lay A 179.
WARNING: No file found for 2lay A 179.
WARNING: No file found for 2lay A 179.
WARNING: No file found for 2lay A 179.
WARNING: No file found for 2lay A 179.
WARNING: No file found for 2lay A 179.
WARNING: No file found for 2lay A 179.
WARNING: No file found for 2lay A 180.
WARNING: No file found for 2lay A 180.
WARNING: No file found for 2lay A 180.
WARNING: No file found for 2lay A 180.
WARNING: No file found for 2lay A 180.
WARNING: No file found for 2lay A 180.
WARNING: No file found for 2lay A 180.
WARNING: No file found for 2lay A 180.
WARNING: No file found for 2lay A 181.
WARNING: No file found for 2lay A 181.
WARNING: No file found for 2lay A 181.
WARNING: No file found for 2lay A 181.
WARNING: No file found for 2lay A 181.
WARNING: No file found for 2lay A 181.
WARNING: No file found for 2lay A 181.
WARNING: No file found for 2lay A 181.
WARNING: No file found for 2lay A 181.
WARNING: No file found for 2lay A 181.
WARNING: No file found for 2lay A 181.
WARNING: No file found for 2lay A 181.
WARNING: No file found for 2lay A 181.
WARNING: No file found for 2lay A 181.
WARNING: No file found for 2lay A 181.
WARNING: No file found for 2lay A 182.
WARNING: No file found for 2lay A 182.
WARNING: No file found for 2lay A 182.
WARNING: No file found for 2lay A 182.
WARNING: No file found for 2lay A 182.
WARNING: No file found for 2lay A 182.
WARNING: No file found for 2lay A 182.
WARNING: No file found for 2lay A 182.
WARNING: No file found for 2lay A 182.
WARNING: No file found for 2lay A 182.
WARNING: No file found for 2lay A 183.
WARNING: No file found for 2lay A 183.
WARNING: No file found for 2lay A 183.
WARNING: No file found for 2lay A 183.
WARNING: No file found for 2lay A 183.
WARNING: No file found for 2lay A 183.
WARNING: No file found for 2lay A 183.
WARNING: No file found for 2lay A 183.
WARNING: No file found for 2lay A 183.
WARNING: No file found for 2lay A 183.
WARNING: No file found for 2lay A 183.
WARNING: No file found for 2lay A 183.
WARNING: No file found for 2lay A 183.
WARNING: No file found for 2lay A 183.
WARNING: No file found for 2lay A 183.
WARNING: No file found for 2lay A 183.
WARNING: No file found for 2lay A 183.
WARNING: No file found for 2lay A 183.
WARNING: No file found for 2lay A 183.
WARNING: No file found for 2lay A 184.
WARNING: No file found for 2lay A 184.
WARNING: No file found for 2lay A 184.
WARNING: No file found for 2lay A 184.
WARNING: No file found for 2lay A 184.
WARNING: No file found for 2lay A 184.
WARNING: No file found for 2lay A 184.
WARNING: No file found for 2lay A 184.
WARNING: No file found for 2lay A 184.
WARNING: No file found for 2lay A 184.
WARNING: No file found for 2lay A 184.
WARNING: No file found for 2lay A 184.
WARNING: No file found for 2lay A 184.
WARNING: No file found for 2lay A 184.
WARNING: No file found for 2lay A 185.
WARNING: No file found for 2lay A 185.
WARNING: No file found for 2lay A 185.
WARNING: No file found for 2lay A 185.
WARNING: No file found for 2lay A 185.
WARNING: No file found for 2lay A 185.
WARNING: No file found for 2lay A 185.
WARNING: No file found for 2lay A 185.
WARNING: No file found for 2lay A 185.
WARNING: No file found for 2lay A 185.
WARNING: No file found for 2lay A 186.
WARNING: No file found for 2lay A 186.
WARNING: No file found for 2lay A 186.
WARNING: No file found for 2lay A 186.
WARNING: No file found for 2lay A 186.
WARNING: No file found for 2lay A 186.
WARNING: No file found for 2lay A 186.
WARNING: No file found for 2lay A 186.
WARNING: No file found for 2lay A 186.
WARNING: No file found for 2lay A 186.
WARNING: No file found for 2lay A 186.
WARNING: No file found for 2lay A 186.
WARNING: No file found for 2lay A 186.
WARNING: No file found for 2lay A 186.
WARNING: No file found for 2lay A 186.
WARNING: No file found for 2lay A 187.
WARNING: No file found for 2lay A 187.
WARNING: No file found for 2lay A 187.
WARNING: No file found for 2lay A 187.
WARNING: No file found for 2lay A 187.
WARNING: No file found for 2lay A 187.
WARNING: No file found for 2lay A 187.
WARNING: No file found for 2lay A 187.
WARNING: No file found for 2lay A 187.
WARNING: No file found for 2lay A 187.
WARNING: No file found for 2lay A 187.
WARNING: No file found for 2lay A 187.
WARNING: No file found for 2lay A 187.
WARNING: No file found for 2lay A 187.
WARNING: No file found for 2lay A 187.
WARNING: No file found for 2lay A 187.
WARNING: No file found for 2lay A 188.
WARNING: No file found for 2lay A 188.
WARNING: No file found for 2lay A 188.
WARNING: No file found for 2lay A 189.
WARNING: No file found for 2lay A 189.
WARNING: No file found for 2lay A 189.
WARNING: No file found for 2lay A 189.
WARNING: No file found for 2lay A 189.
WARNING: No file found for 2lay A 189.
WARNING: No file found for 2lay A 190.
WARNING: No file found for 2lay A 190.
WARNING: No file found for 2lay A 190.
WARNING: No file found for 2lay A 190.
WARNING: No file found for 2lay A 190.
WARNING: No file found for 2lay A 190.
WARNING: No file found for 2lay A 190.
WARNING: No file found for 2lay A 190.
WARNING: No file found for 2lay A 191.
WARNING: No file found for 2lay A 191.
WARNING: No file found for 2lay A 191.
WARNING: No file found for 2lay A 191.
WARNING: No file found for 2lay A 191.
WARNING: No file found for 2lay A 191.
WARNING: No file found for 2lay A 191.
WARNING: No file found for 2lay A 191.
WARNING: No file found for 2lay A 192.
WARNING: No file found for 2lay A 192.
WARNING: No file found for 2lay A 192.
WARNING: No file found for 2lay A 192.
WARNING: No file found for 2lay A 193.
WARNING: No file found for 2lay A 193.
WARNING: No file found for 2lay A 193.
WARNING: No file found for 2lay A 193.
WARNING: No file found for 2lay A 193.
WARNING: No file found for 2lay A 193.
WARNING: No file found for 2lay A 193.
WARNING: No file found for 2lay A 193.
WARNING: No file found for 2lay A 193.
WARNING: No file found for 2lay A 193.
WARNING: No file found for 2lay A 193.
WARNING: No file found for 2lay A 193.
WARNING: No file found for 2lay A 193.
WARNING: No file found for 2lay A 193.
WARNING: No file found for 2lay A 193.
WARNING: No file found for 2lay A 194.
WARNING: No file found for 2lay A 194.
WARNING: No file found for 2lay A 194.
WARNING: No file found for 2lay A 194.
WARNING: No file found for 2lay A 194.
WARNING: No file found for 2lay A 194.
WARNING: No file found for 2lay A 194.
WARNING: No file found for 2lay A 194.
WARNING: No file found for 2lay A 194.
WARNING: No file found for 2lay A 194.
WARNING: No file found for 2lay A 194.
WARNING: No file found for 2lay A 194.
WARNING: No file found for 2lay A 194.
WARNING: No file found for 2lay A 194.
WARNING: No file found for 2lay A 194.
WARNING: No file found for 2lay A 194.
WARNING: No file found for 2lay A 194.
WARNING: No file found for 2lay A 194.
WARNING: No file found for 2lay A 195.
WARNING: No file found for 2lay A 195.
WARNING: No file found for 2lay A 195.
WARNING: No file found for 2lay A 195.
WARNING: No file found for 2lay A 195.
WARNING: No file found for 2lay A 195.
WARNING: No file found for 2lay A 195.
WARNING: No file found for 2lay A 195.
WARNING: No file found for 2lay A 195.
WARNING: No file found for 2lay A 196.
WARNING: No file found for 2lay A 196.
WARNING: No file found for 2lay A 196.
WARNING: No file found for 2lay A 196.
WARNING: No file found for 2lay A 196.
WARNING: No file found for 2lay A 196.
WARNING: No file found for 2lay A 196.
WARNING: No file found for 2lay A 196.
WARNING: No file found for 2lay A 196.
WARNING: No file found for 2lay A 196.
WARNING: No file found for 2lay A 196.
WARNING: No file found for 2lay A 196.
WARNING: No file found for 2lay A 196.
WARNING: No file found for 2lay A 197.
WARNING: No file found for 2lay A 197.
WARNING: No file found for 2lay A 197.
WARNING: No file found for 2lay A 198.
WARNING: No file found for 2lay A 198.
WARNING: No file found for 2lay A 198.
WARNING: No file found for 2lay A 198.
WARNING: No file found for 2lay A 198.
WARNING: No file found for 2lay A 198.
WARNING: No file found for 2lay A 198.
WARNING: No file found for 2lay A 198.
WARNING: No file found for 2lay A 198.
WARNING: No file found for 2lay A 198.
WARNING: No file found for 2lay A 198.
WARNING: No file found for 2lay A 200.
WARNING: No file found for 2lay A 200.
WARNING: No file found for 2lay A 200.
WARNING: No file found for 2lay A 200.
WARNING: No file found for 2lay A 200.
WARNING: No file found for 2lay A 200.
WARNING: No file found for 2lay A 200.
WARNING: No file found for 2lay A 200.
WARNING: No file found for 2lay A 200.
WARNING: No file found for 2lay A 200.
WARNING: No file found for 2lay A 200.
WARNING: No file found for 2lay A 200.
WARNING: No file found for 2lay A 200.
WARNING: No file found for 2lay A 200.
WARNING: No file found for 2lay A 200.
WARNING: No file found for 2lay A 201.
WARNING: No file found for 2lay A 201.
WARNING: No file found for 2lay A 201.
WARNING: No file found for 2lay A 201.
WARNING: No file found for 2lay A 201.
WARNING: No file found for 2lay A 201.
WARNING: No file found for 2lay A 201.
WARNING: No file found for 2lay A 201.
WARNING: No file found for 2lay A 201.
WARNING: No file found for 2lay A 201.
WARNING: No file found for 2lay A 201.
WARNING: No file found for 2lay A 201.
WARNING: No file found for 2lay A 201.
WARNING: No file found for 2lay A 202.
WARNING: No file found for 2lay A 202.
WARNING: No file found for 2lay A 202.
WARNING: No file found for 2lay A 202.
WARNING: No file found for 2lay A 202.
WARNING: No file found for 2lay A 202.
WARNING: No file found for 2lay A 203.
WARNING: No file found for 2lay A 203.
WARNING: No file found for 2lay A 203.
WARNING: No file found for 2lay A 203.
WARNING: No file found for 2lay A 203.
WARNING: No file found for 2lay A 203.
Running on cuda.
Running on cuda.
Running on cuda.
Running on cuda.
Running on cuda.
Running on cuda.
Running on cuda.
Running on cuda.
Running on cuda.
Running on cuda.
['2lay']
{'2lay': {'A': {170, 171, 172, 173, 174, 175, 176, 177, 178, 179, 180, 181, 182, 183, 184, 185, 186, 187, 188, 189, 190, 191, 192, 193, 194, 195, 196, 197, 198, 200, 201, 202, 203}}}
Running inference for 2lay A [170, 171, 172, 173, 174, 175, 176, 177, 178, 179, 180, 181, 182, 183, 184, 185, 186, 187, 188, 189]
Region IDs: [('A', 170, ' '), ('A', 171, ' '), ('A', 172, ' '), ('A', 173, ' '), ('A', 174, ' '), ('A', 175, ' '), ('A', 176, ' '), ('A', 177, ' '), ('A', 178, ' '), ('A', 179, ' '), ('A', 180, ' '), ('A', 181, ' '), ('A', 182, ' '), ('A', 183, ' '), ('A', 184, ' '), ('A', 185, ' '), ('A', 186, ' '), ('A', 187, ' '), ('A', 188, ' '), ('A', 189, ' ')]
Error making predictions for 2lay A [170, 171, 172, 173, 174, 175, 176, 177, 178, 179, 180, 181, 182, 183, 184, 185, 186, 187, 188, 189]: Atom N defined twice in residue <Residue ASP het=  resseq=170 icode= > at line 1458.
Running inference for 2lay A [190, 191, 192, 193, 194, 195, 196, 197, 198, 200, 201, 202, 203]
Region IDs: [('A', 190, ' '), ('A', 191, ' '), ('A', 192, ' '), ('A', 193, ' '), ('A', 194, ' '), ('A', 195, ' '), ('A', 196, ' '), ('A', 197, ' '), ('A', 198, ' '), ('A', 200, ' '), ('A', 201, ' '), ('A', 202, ' '), ('A', 203, ' ')]
Error making predictions for 2lay A [190, 191, 192, 193, 194, 195, 196, 197, 198, 200, 201, 202, 203]: Atom N defined twice in residue <Residue ASP het=  resseq=170 icode= > at line 1458.
Inference took 1.488736867904663 seconds
Parsing .npz files...
WARNING: No file found for 2lay A 170.
WARNING: No file found for 2lay A 170.
WARNING: No file found for 2lay A 170.
WARNING: No file found for 2lay A 170.
WARNING: No file found for 2lay A 170.
WARNING: No file found for 2lay A 170.
WARNING: No file found for 2lay A 170.
WARNING: No file found for 2lay A 170.
WARNING: No file found for 2lay A 170.
WARNING: No file found for 2lay A 170.
WARNING: No file found for 2lay A 170.
WARNING: No file found for 2lay A 170.
WARNING: No file found for 2lay A 170.
WARNING: No file found for 2lay A 170.
WARNING: No file found for 2lay A 170.
WARNING: No file found for 2lay A 170.
WARNING: No file found for 2lay A 171.
WARNING: No file found for 2lay A 171.
WARNING: No file found for 2lay A 171.
WARNING: No file found for 2lay A 171.
WARNING: No file found for 2lay A 171.
WARNING: No file found for 2lay A 171.
WARNING: No file found for 2lay A 171.
WARNING: No file found for 2lay A 171.
WARNING: No file found for 2lay A 171.
WARNING: No file found for 2lay A 171.
WARNING: No file found for 2lay A 171.
WARNING: No file found for 2lay A 171.
WARNING: No file found for 2lay A 171.
WARNING: No file found for 2lay A 171.
WARNING: No file found for 2lay A 171.
WARNING: No file found for 2lay A 172.
WARNING: No file found for 2lay A 172.
WARNING: No file found for 2lay A 172.
WARNING: No file found for 2lay A 172.
WARNING: No file found for 2lay A 172.
WARNING: No file found for 2lay A 172.
WARNING: No file found for 2lay A 172.
WARNING: No file found for 2lay A 172.
WARNING: No file found for 2lay A 172.
WARNING: No file found for 2lay A 172.
WARNING: No file found for 2lay A 172.
WARNING: No file found for 2lay A 172.
WARNING: No file found for 2lay A 173.
WARNING: No file found for 2lay A 173.
WARNING: No file found for 2lay A 173.
WARNING: No file found for 2lay A 173.
WARNING: No file found for 2lay A 173.
WARNING: No file found for 2lay A 173.
WARNING: No file found for 2lay A 173.
WARNING: No file found for 2lay A 173.
WARNING: No file found for 2lay A 173.
WARNING: No file found for 2lay A 174.
WARNING: No file found for 2lay A 174.
WARNING: No file found for 2lay A 174.
WARNING: No file found for 2lay A 174.
WARNING: No file found for 2lay A 174.
WARNING: No file found for 2lay A 174.
WARNING: No file found for 2lay A 174.
WARNING: No file found for 2lay A 174.
WARNING: No file found for 2lay A 175.
WARNING: No file found for 2lay A 175.
WARNING: No file found for 2lay A 175.
WARNING: No file found for 2lay A 175.
WARNING: No file found for 2lay A 175.
WARNING: No file found for 2lay A 175.
WARNING: No file found for 2lay A 175.
WARNING: No file found for 2lay A 175.
WARNING: No file found for 2lay A 175.
WARNING: No file found for 2lay A 175.
WARNING: No file found for 2lay A 175.
WARNING: No file found for 2lay A 175.
WARNING: No file found for 2lay A 175.
WARNING: No file found for 2lay A 175.
WARNING: No file found for 2lay A 175.
WARNING: No file found for 2lay A 175.
WARNING: No file found for 2lay A 176.
WARNING: No file found for 2lay A 176.
WARNING: No file found for 2lay A 176.
WARNING: No file found for 2lay A 176.
WARNING: No file found for 2lay A 176.
WARNING: No file found for 2lay A 176.
WARNING: No file found for 2lay A 176.
WARNING: No file found for 2lay A 176.
WARNING: No file found for 2lay A 176.
WARNING: No file found for 2lay A 176.
WARNING: No file found for 2lay A 176.
WARNING: No file found for 2lay A 177.
WARNING: No file found for 2lay A 177.
WARNING: No file found for 2lay A 177.
WARNING: No file found for 2lay A 177.
WARNING: No file found for 2lay A 177.
WARNING: No file found for 2lay A 177.
WARNING: No file found for 2lay A 177.
WARNING: No file found for 2lay A 178.
WARNING: No file found for 2lay A 178.
WARNING: No file found for 2lay A 178.
WARNING: No file found for 2lay A 178.
WARNING: No file found for 2lay A 178.
WARNING: No file found for 2lay A 178.
WARNING: No file found for 2lay A 178.
WARNING: No file found for 2lay A 178.
WARNING: No file found for 2lay A 178.
WARNING: No file found for 2lay A 178.
WARNING: No file found for 2lay A 179.
WARNING: No file found for 2lay A 179.
WARNING: No file found for 2lay A 179.
WARNING: No file found for 2lay A 179.
WARNING: No file found for 2lay A 179.
WARNING: No file found for 2lay A 179.
WARNING: No file found for 2lay A 179.
WARNING: No file found for 2lay A 179.
WARNING: No file found for 2lay A 179.
WARNING: No file found for 2lay A 179.
WARNING: No file found for 2lay A 179.
WARNING: No file found for 2lay A 179.
WARNING: No file found for 2lay A 179.
WARNING: No file found for 2lay A 180.
WARNING: No file found for 2lay A 180.
WARNING: No file found for 2lay A 180.
WARNING: No file found for 2lay A 180.
WARNING: No file found for 2lay A 180.
WARNING: No file found for 2lay A 180.
WARNING: No file found for 2lay A 180.
WARNING: No file found for 2lay A 180.
WARNING: No file found for 2lay A 181.
WARNING: No file found for 2lay A 181.
WARNING: No file found for 2lay A 181.
WARNING: No file found for 2lay A 181.
WARNING: No file found for 2lay A 181.
WARNING: No file found for 2lay A 181.
WARNING: No file found for 2lay A 181.
WARNING: No file found for 2lay A 181.
WARNING: No file found for 2lay A 181.
WARNING: No file found for 2lay A 181.
WARNING: No file found for 2lay A 181.
WARNING: No file found for 2lay A 181.
WARNING: No file found for 2lay A 181.
WARNING: No file found for 2lay A 181.
WARNING: No file found for 2lay A 181.
WARNING: No file found for 2lay A 182.
WARNING: No file found for 2lay A 182.
WARNING: No file found for 2lay A 182.
WARNING: No file found for 2lay A 182.
WARNING: No file found for 2lay A 182.
WARNING: No file found for 2lay A 182.
WARNING: No file found for 2lay A 182.
WARNING: No file found for 2lay A 182.
WARNING: No file found for 2lay A 182.
WARNING: No file found for 2lay A 182.
WARNING: No file found for 2lay A 183.
WARNING: No file found for 2lay A 183.
WARNING: No file found for 2lay A 183.
WARNING: No file found for 2lay A 183.
WARNING: No file found for 2lay A 183.
WARNING: No file found for 2lay A 183.
WARNING: No file found for 2lay A 183.
WARNING: No file found for 2lay A 183.
WARNING: No file found for 2lay A 183.
WARNING: No file found for 2lay A 183.
WARNING: No file found for 2lay A 183.
WARNING: No file found for 2lay A 183.
WARNING: No file found for 2lay A 183.
WARNING: No file found for 2lay A 183.
WARNING: No file found for 2lay A 183.
WARNING: No file found for 2lay A 183.
WARNING: No file found for 2lay A 183.
WARNING: No file found for 2lay A 183.
WARNING: No file found for 2lay A 183.
WARNING: No file found for 2lay A 184.
WARNING: No file found for 2lay A 184.
WARNING: No file found for 2lay A 184.
WARNING: No file found for 2lay A 184.
WARNING: No file found for 2lay A 184.
WARNING: No file found for 2lay A 184.
WARNING: No file found for 2lay A 184.
WARNING: No file found for 2lay A 184.
WARNING: No file found for 2lay A 184.
WARNING: No file found for 2lay A 184.
WARNING: No file found for 2lay A 184.
WARNING: No file found for 2lay A 184.
WARNING: No file found for 2lay A 184.
WARNING: No file found for 2lay A 184.
WARNING: No file found for 2lay A 185.
WARNING: No file found for 2lay A 185.
WARNING: No file found for 2lay A 185.
WARNING: No file found for 2lay A 185.
WARNING: No file found for 2lay A 185.
WARNING: No file found for 2lay A 185.
WARNING: No file found for 2lay A 185.
WARNING: No file found for 2lay A 185.
WARNING: No file found for 2lay A 185.
WARNING: No file found for 2lay A 185.
WARNING: No file found for 2lay A 186.
WARNING: No file found for 2lay A 186.
WARNING: No file found for 2lay A 186.
WARNING: No file found for 2lay A 186.
WARNING: No file found for 2lay A 186.
WARNING: No file found for 2lay A 186.
WARNING: No file found for 2lay A 186.
WARNING: No file found for 2lay A 186.
WARNING: No file found for 2lay A 186.
WARNING: No file found for 2lay A 186.
WARNING: No file found for 2lay A 186.
WARNING: No file found for 2lay A 186.
WARNING: No file found for 2lay A 186.
WARNING: No file found for 2lay A 186.
WARNING: No file found for 2lay A 186.
WARNING: No file found for 2lay A 187.
WARNING: No file found for 2lay A 187.
WARNING: No file found for 2lay A 187.
WARNING: No file found for 2lay A 187.
WARNING: No file found for 2lay A 187.
WARNING: No file found for 2lay A 187.
WARNING: No file found for 2lay A 187.
WARNING: No file found for 2lay A 187.
WARNING: No file found for 2lay A 187.
WARNING: No file found for 2lay A 187.
WARNING: No file found for 2lay A 187.
WARNING: No file found for 2lay A 187.
WARNING: No file found for 2lay A 187.
WARNING: No file found for 2lay A 187.
WARNING: No file found for 2lay A 187.
WARNING: No file found for 2lay A 187.
WARNING: No file found for 2lay A 188.
WARNING: No file found for 2lay A 188.
WARNING: No file found for 2lay A 188.
WARNING: No file found for 2lay A 189.
WARNING: No file found for 2lay A 189.
WARNING: No file found for 2lay A 189.
WARNING: No file found for 2lay A 189.
WARNING: No file found for 2lay A 189.
WARNING: No file found for 2lay A 189.
WARNING: No file found for 2lay A 190.
WARNING: No file found for 2lay A 190.
WARNING: No file found for 2lay A 190.
WARNING: No file found for 2lay A 190.
WARNING: No file found for 2lay A 190.
WARNING: No file found for 2lay A 190.
WARNING: No file found for 2lay A 190.
WARNING: No file found for 2lay A 190.
WARNING: No file found for 2lay A 191.
WARNING: No file found for 2lay A 191.
WARNING: No file found for 2lay A 191.
WARNING: No file found for 2lay A 191.
WARNING: No file found for 2lay A 191.
WARNING: No file found for 2lay A 191.
WARNING: No file found for 2lay A 191.
WARNING: No file found for 2lay A 191.
WARNING: No file found for 2lay A 192.
WARNING: No file found for 2lay A 192.
WARNING: No file found for 2lay A 192.
WARNING: No file found for 2lay A 192.
WARNING: No file found for 2lay A 193.
WARNING: No file found for 2lay A 193.
WARNING: No file found for 2lay A 193.
WARNING: No file found for 2lay A 193.
WARNING: No file found for 2lay A 193.
WARNING: No file found for 2lay A 193.
WARNING: No file found for 2lay A 193.
WARNING: No file found for 2lay A 193.
WARNING: No file found for 2lay A 193.
WARNING: No file found for 2lay A 193.
WARNING: No file found for 2lay A 193.
WARNING: No file found for 2lay A 193.
WARNING: No file found for 2lay A 193.
WARNING: No file found for 2lay A 193.
WARNING: No file found for 2lay A 193.
WARNING: No file found for 2lay A 194.
WARNING: No file found for 2lay A 194.
WARNING: No file found for 2lay A 194.
WARNING: No file found for 2lay A 194.
WARNING: No file found for 2lay A 194.
WARNING: No file found for 2lay A 194.
WARNING: No file found for 2lay A 194.
WARNING: No file found for 2lay A 194.
WARNING: No file found for 2lay A 194.
WARNING: No file found for 2lay A 194.
WARNING: No file found for 2lay A 194.
WARNING: No file found for 2lay A 194.
WARNING: No file found for 2lay A 194.
WARNING: No file found for 2lay A 194.
WARNING: No file found for 2lay A 194.
WARNING: No file found for 2lay A 194.
WARNING: No file found for 2lay A 194.
WARNING: No file found for 2lay A 194.
WARNING: No file found for 2lay A 195.
WARNING: No file found for 2lay A 195.
WARNING: No file found for 2lay A 195.
WARNING: No file found for 2lay A 195.
WARNING: No file found for 2lay A 195.
WARNING: No file found for 2lay A 195.
WARNING: No file found for 2lay A 195.
WARNING: No file found for 2lay A 195.
WARNING: No file found for 2lay A 195.
WARNING: No file found for 2lay A 196.
WARNING: No file found for 2lay A 196.
WARNING: No file found for 2lay A 196.
WARNING: No file found for 2lay A 196.
WARNING: No file found for 2lay A 196.
WARNING: No file found for 2lay A 196.
WARNING: No file found for 2lay A 196.
WARNING: No file found for 2lay A 196.
WARNING: No file found for 2lay A 196.
WARNING: No file found for 2lay A 196.
WARNING: No file found for 2lay A 196.
WARNING: No file found for 2lay A 196.
WARNING: No file found for 2lay A 196.
WARNING: No file found for 2lay A 197.
WARNING: No file found for 2lay A 197.
WARNING: No file found for 2lay A 197.
WARNING: No file found for 2lay A 198.
WARNING: No file found for 2lay A 198.
WARNING: No file found for 2lay A 198.
WARNING: No file found for 2lay A 198.
WARNING: No file found for 2lay A 198.
WARNING: No file found for 2lay A 198.
WARNING: No file found for 2lay A 198.
WARNING: No file found for 2lay A 198.
WARNING: No file found for 2lay A 198.
WARNING: No file found for 2lay A 198.
WARNING: No file found for 2lay A 198.
WARNING: No file found for 2lay A 200.
WARNING: No file found for 2lay A 200.
WARNING: No file found for 2lay A 200.
WARNING: No file found for 2lay A 200.
WARNING: No file found for 2lay A 200.
WARNING: No file found for 2lay A 200.
WARNING: No file found for 2lay A 200.
WARNING: No file found for 2lay A 200.
WARNING: No file found for 2lay A 200.
WARNING: No file found for 2lay A 200.
WARNING: No file found for 2lay A 200.
WARNING: No file found for 2lay A 200.
WARNING: No file found for 2lay A 200.
WARNING: No file found for 2lay A 200.
WARNING: No file found for 2lay A 200.
WARNING: No file found for 2lay A 201.
WARNING: No file found for 2lay A 201.
WARNING: No file found for 2lay A 201.
WARNING: No file found for 2lay A 201.
WARNING: No file found for 2lay A 201.
WARNING: No file found for 2lay A 201.
WARNING: No file found for 2lay A 201.
WARNING: No file found for 2lay A 201.
WARNING: No file found for 2lay A 201.
WARNING: No file found for 2lay A 201.
WARNING: No file found for 2lay A 201.
WARNING: No file found for 2lay A 201.
WARNING: No file found for 2lay A 201.
WARNING: No file found for 2lay A 202.
WARNING: No file found for 2lay A 202.
WARNING: No file found for 2lay A 202.
WARNING: No file found for 2lay A 202.
WARNING: No file found for 2lay A 202.
WARNING: No file found for 2lay A 202.
WARNING: No file found for 2lay A 203.
WARNING: No file found for 2lay A 203.
WARNING: No file found for 2lay A 203.
WARNING: No file found for 2lay A 203.
WARNING: No file found for 2lay A 203.
WARNING: No file found for 2lay A 203.
Running on cuda.
Running on cuda.
Running on cuda.
Running on cuda.
Running on cuda.
Running on cuda.
Running on cuda.
Running on cuda.
Running on cuda.
Running on cuda.
Running on cuda.
Running on cuda.
Running on cuda.
Running on cuda.
Running on cuda.
Running on cuda.
Running on cuda.
Running on cuda.
Running on cuda.
Running on cuda.
